Mplus VERSION 7.4
MUTHEN & MUTHEN
12/26/2024   4:39 PM

INPUT INSTRUCTIONS

  TITLE:
          Causal rGE on differential parenting;

  DATA:
          FILE IS "c:\Repo\data_local\withinfamrGE_addh_full_sample_for_fa.csv";

  VARIABLE:
          Names are AID FAM sex age_1 age_3
          white african native asian other hispanic
          income par_ed
          PC34A PC34B PC34C PC34D PC34E PC44A
          H1WP9 H1WP10 H1PF1 H1PF2 H1PF3 H1PF4 H1PF5
          H1WP13 H1WP14 H1PF23 H1PF24 H1PF25
          H1TO29 H1TO33 H1TO9 H1DS14
          H1ED19 H1ED20 H1ED22 H1ED23 H1ED24 H1PR2
          H1DS2 H1DS12 H1FV8 H1DS6 H1DS9
          H1DS10 H1DS13 H1DS11 H1FV7 H1DS7
          H3DS1 H3DS5 H3DS18I H3DS17 H3DS2
          H3DS3 H3DS6 H3DS4 H3DS18H H3HR23
          H1TO15 H1TO17 H1TO5 H1TO32 H1TO36 H1TO42
          H3TO38 H3TO40 H3TO7 H3TO110 H3TO113 H3TO119
          par_age par_sex par_marry
          PA61 PA62 PB22
          PC10 PC11 PC12 PC17
          PC32
          H1WP1 H1WP2 H1WP3 H1WP4 H1WP5 H1WP6 H1WP7
          H1WP17F H1WP17G H1WP17H H1WP18F H1WP18G H1WP18H;

          usevariables are FAM
          !PC34A PC34B PC34C PC34D PC34E PC44A
          !H1WP9 H1WP10 H1PF1 H1PF2 H1PF3 H1PF4 H1PF5
          !H1WP13 H1WP14 H1PF23 H1PF24 H1PF25
          !H1TO29 H1TO33 H1TO9 H1DS14
          !H1ED19 H1ED20 H1ED22 H1ED23 H1ED24 H1PR2
          !H1DS2 H1DS12 H1FV8 H1DS6 H1DS9
          !H1DS10 H1DS13 H1DS11 H1FV7 H1DS7
          !H3DS1 H3DS5 H3DS18I H3DS17 H3DS2
          !H3DS3 H3DS6 H3DS4 H3DS18H H3HR23
          !H1TO15 H1TO17 H1TO5 H1TO32 H1TO36 H1TO42
          !H3TO38 H3TO40 H3TO7 H3TO110 H3TO113 H3TO119
          !PA61 PA62 PB22
          !PC10 PC11 PC12 PC17
          H1WP1 H1WP2 H1WP3 H1WP4 H1WP5 H1WP6 H1WP7
          H1WP17F H1WP17G H1WP17H H1WP18F H1WP18G H1WP18H
          ;

          IDVARIABLE = AID;

          CATEGORICAL ARE
          !PC34A PC34B PC34C PC34D PC34E PC44A
          !H1WP9 H1WP10 H1PF1 H1PF2 H1PF3 H1PF4 H1PF5
          !H1WP13 H1WP14 H1PF23 H1PF24 H1PF25
          !H1TO29 H1TO33 H1TO9 H1DS14
          !H1ED19 H1ED20 H1ED22 H1ED23 H1ED24 H1PR2
          !H1DS2 H1DS12 H1FV8 H1DS6 H1DS9
          !H1DS10 H1DS13 H1DS11 H1FV7 H1DS7
          !H3DS1 H3DS5 H3DS18I H3DS17 H3DS2
          !H3DS3 H3DS6 H3DS4 H3DS18H H3HR23
          !PC10 PC11 PC12 PC17
          H1WP1 H1WP2 H1WP3 H1WP4 H1WP5 H1WP6 H1WP7
          H1WP17F H1WP17G H1WP17H H1WP18F H1WP18G H1WP18H
          ;

          !CENSORED ARE
          !H1TO15 (bi) H1TO17 (bi) H1TO5 (bi) H1TO32 (bi)
          !H1TO36 (bi) H1TO42 (bi) H3TO38 (bi) H3TO40 (bi)
          !H3TO7 (bi) H3TO110 (bi) H3TO113 (bi) H3TO119 (bi)
          !PA61 (bi) PA62 (bi) PB22 (bi)
          !;

          CLUSTER IS FAM;

          Missing are .;

  DEFINE:


  ANALYSIS:

          TYPE = COMPLEX;
          !ESTIMATOR = BAYES;
          ESTIMATOR=WLSMV;
          !BOOTSTRAP = 20000;
          !FBITERATIONS= 20000;
  MODEL:

          !f1 BY PC34A* PC34B PC34C PC34D PC34E PC44A;
          !f2 BY H1WP9* H1WP10 H1PF1 H1PF2 H1PF3 H1PF4 H1PF5;
          !f3 BY H1WP13* H1WP14 H1PF23 H1PF24 H1PF25;
          !f4 BY H1TO29* H1TO33 H1TO9 H1DS14;
          !f5 BY H1ED19* H1ED20 H1ED22 H1ED23 H1ED24 H1PR2;
          !f6 BY H1DS2* H1DS12 H1FV8 H1DS6 H1DS9
          !H1DS10 H1DS13 H1DS11 H1FV7 H1DS7;
          !f7 BY H3DS1* H3DS5 H3DS18I H3DS17 H3DS2
          !H3DS3 H3DS6 H3DS4 H3DS18H H3HR23;
          !f8 BY H1TO15* H1TO17 H1TO5 H1TO32 H1TO36 H1TO42;
          !f9 BY H3TO38* H3TO40 H3TO7 H3TO110 H3TO113 H3TO119;
          !f10 BY PA61* PA62 PB22;
          !f11 BY PC10* PC11 PC12 PC17;
          f12 BY H1WP1* H1WP2 H1WP3 H1WP4 H1WP5 H1WP6 H1WP7;
          f13 BY H1WP17F* H1WP17G H1WP17H H1WP18F H1WP18G H1WP18H;

          [f12-f13@0];
          f12-f13@1;


  MODEL CONSTRAINT:

  OUTPUT: TECH1 TECH8 MODINDICES;
  PLOT: TYPE = PLOT3;

  SAVEDATA:
  FILE IS withinfamrGE_factor_score_part6;

  SAVE = FSCORES;



*** WARNING in OUTPUT command
  TECH8 option is available only with analysis types MIXTURE, RANDOM, or
  TWOLEVEL with estimators ML, MLF, or MLR or ALGORITHM=INTEGRATION.
  Request for TECH8 is ignored.
*** WARNING
  Data set contains cases with missing on all variables.
  These cases were not included in the analysis.
  Number of cases with missing on all variables:  178
   2 WARNING(S) FOUND IN THE INPUT INSTRUCTIONS




Causal rGE on differential parenting;

SUMMARY OF ANALYSIS

Number of groups                                                 1
Number of observations                                        9796

Number of dependent variables                                   13
Number of independent variables                                  0
Number of continuous latent variables                            2

Observed dependent variables

  Binary and ordered categorical (ordinal)
   H1WP1       H1WP2       H1WP3       H1WP4       H1WP5       H1WP6
   H1WP7       H1WP17F     H1WP17G     H1WP17H     H1WP18F     H1WP18G
   H1WP18H

Continuous latent variables
   F12         F13

Variables with special functions

  Cluster variable      FAM
  ID variable           AID

Estimator                                                    WLSMV
Maximum number of iterations                                  1000
Convergence criterion                                    0.500D-04
Maximum number of steepest descent iterations                   20
Maximum number of iterations for H1                           2000
Convergence criterion for H1                             0.100D-03
Parameterization                                             DELTA

Input data file(s)
  c:\Repo\data_local\withinfamrGE_addh_full_sample_for_fa.csv

Input data format  FREE


SUMMARY OF DATA

     Number of missing data patterns            22
     Number of clusters        8779



COVARIANCE COVERAGE OF DATA

Minimum covariance coverage value   0.100


     PROPORTION OF DATA PRESENT


           Covariance Coverage
              H1WP1         H1WP2         H1WP3         H1WP4         H1WP5
              ________      ________      ________      ________      ________
 H1WP1          0.998
 H1WP2          0.997         0.999
 H1WP3          0.998         0.998         0.999
 H1WP4          0.998         0.999         0.999         0.999
 H1WP5          0.998         0.999         0.999         0.999         0.999
 H1WP6          0.998         0.999         0.999         0.999         0.999
 H1WP7          0.997         0.998         0.998         0.999         0.999
 H1WP17F        0.959         0.960         0.960         0.960         0.960
 H1WP17G        0.959         0.960         0.960         0.960         0.960
 H1WP17H        0.959         0.960         0.960         0.960         0.960
 H1WP18F        0.719         0.720         0.720         0.720         0.720
 H1WP18G        0.719         0.720         0.720         0.720         0.720
 H1WP18H        0.719         0.720         0.720         0.720         0.720


           Covariance Coverage
              H1WP6         H1WP7         H1WP17F       H1WP17G       H1WP17H
              ________      ________      ________      ________      ________
 H1WP6          1.000
 H1WP7          0.999         0.999
 H1WP17F        0.960         0.960         0.961
 H1WP17G        0.960         0.960         0.961         0.961
 H1WP17H        0.960         0.960         0.961         0.961         0.961
 H1WP18F        0.720         0.720         0.682         0.682         0.682
 H1WP18G        0.720         0.720         0.682         0.682         0.682
 H1WP18H        0.720         0.720         0.682         0.682         0.682


           Covariance Coverage
              H1WP18F       H1WP18G       H1WP18H
              ________      ________      ________
 H1WP18F        0.720
 H1WP18G        0.720         0.720
 H1WP18H        0.720         0.720         0.720


UNIVARIATE PROPORTIONS AND COUNTS FOR CATEGORICAL VARIABLES

    H1WP1
      Category 1    0.659         6440.000
      Category 2    0.341         3338.000
    H1WP2
      Category 1    0.155         1512.000
      Category 2    0.845         8274.000
    H1WP3
      Category 1    0.097          946.000
      Category 2    0.903         8841.000
    H1WP4
      Category 1    0.173         1698.000
      Category 2    0.827         8092.000
    H1WP5
      Category 1    0.225         2204.000
      Category 2    0.775         7587.000
    H1WP6
      Category 1    0.344         3371.000
      Category 2    0.656         6422.000
    H1WP7
      Category 1    0.184         1804.000
      Category 2    0.816         7983.000
    H1WP17F
      Category 1    0.598         5628.000
      Category 2    0.402         3783.000
    H1WP17G
      Category 1    0.659         6204.000
      Category 2    0.341         3207.000
    H1WP17H
      Category 1    0.363         3420.000
      Category 2    0.637         5991.000
    H1WP18F
      Category 1    0.796         5615.000
      Category 2    0.204         1441.000
    H1WP18G
      Category 1    0.732         5164.000
      Category 2    0.268         1892.000
    H1WP18H
      Category 1    0.473         3334.000
      Category 2    0.527         3722.000



THE MODEL ESTIMATION TERMINATED NORMALLY



MODEL FIT INFORMATION

Number of Free Parameters                       27

Chi-Square Test of Model Fit

          Value                           3762.662*
          Degrees of Freedom                    64
          P-Value                           0.0000

*   The chi-square value for MLM, MLMV, MLR, ULSMV, WLSM and WLSMV cannot be used
    for chi-square difference testing in the regular way.  MLM, MLR and WLSM
    chi-square difference testing is described on the Mplus website.  MLMV, WLSMV,
    and ULSMV difference testing is done using the DIFFTEST option.

RMSEA (Root Mean Square Error Of Approximation)

          Estimate                           0.077
          90 Percent C.I.                    0.075  0.079
          Probability RMSEA <= .05           0.000

CFI/TLI

          CFI                                0.783
          TLI                                0.735

Chi-Square Test of Model Fit for the Baseline Model

          Value                          17114.990
          Degrees of Freedom                    78
          P-Value                           0.0000

WRMR (Weighted Root Mean Square Residual)

          Value                              6.437



MODEL RESULTS

                                                    Two-Tailed
                    Estimate       S.E.  Est./S.E.    P-Value

 F12      BY
    H1WP1              0.439      0.017     26.528      0.000
    H1WP2              0.550      0.016     34.275      0.000
    H1WP3              0.686      0.016     43.832      0.000
    H1WP4              0.752      0.013     59.962      0.000
    H1WP5              0.724      0.013     57.411      0.000
    H1WP6              0.571      0.014     40.834      0.000
    H1WP7              0.610      0.015     41.975      0.000

 F13      BY
    H1WP17F            0.463      0.014     32.039      0.000
    H1WP17G            0.528      0.014     37.910      0.000
    H1WP17H            0.723      0.013     53.731      0.000
    H1WP18F            0.466      0.018     25.487      0.000
    H1WP18G            0.608      0.016     39.093      0.000
    H1WP18H            0.730      0.014     52.242      0.000

 F13      WITH
    F12                0.022      0.017      1.278      0.201

 Means
    F12                0.000      0.000    999.000    999.000
    F13                0.000      0.000    999.000    999.000

 Thresholds
    H1WP1$1            0.409      0.013     30.490      0.000
    H1WP2$1           -1.017      0.016    -65.378      0.000
    H1WP3$1           -1.301      0.018    -73.862      0.000
    H1WP4$1           -0.941      0.015    -61.976      0.000
    H1WP5$1           -0.755      0.014    -53.039      0.000
    H1WP6$1           -0.401      0.013    -30.111      0.000
    H1WP7$1           -0.899      0.015    -60.624      0.000
    H1WP17F$1          0.248      0.013     18.652      0.000
    H1WP17G$1          0.410      0.013     30.607      0.000
    H1WP17H$1         -0.349      0.013    -25.912      0.000
    H1WP18F$1          0.827      0.017     48.410      0.000
    H1WP18G$1          0.618      0.016     38.275      0.000
    H1WP18H$1         -0.069      0.015     -4.510      0.000

 Variances
    F12                1.000      0.000    999.000    999.000
    F13                1.000      0.000    999.000    999.000


R-SQUARE

    Observed                   Residual
    Variable        Estimate   Variance

    H1WP1              0.193      0.807
    H1WP2              0.302      0.698
    H1WP3              0.471      0.529
    H1WP4              0.566      0.434
    H1WP5              0.524      0.476
    H1WP6              0.326      0.674
    H1WP7              0.372      0.628
    H1WP17F            0.215      0.785
    H1WP17G            0.279      0.721
    H1WP17H            0.523      0.477
    H1WP18F            0.218      0.782
    H1WP18G            0.370      0.630
    H1WP18H            0.533      0.467


QUALITY OF NUMERICAL RESULTS

     Condition Number for the Information Matrix              0.186E+00
       (ratio of smallest to largest eigenvalue)


MODEL MODIFICATION INDICES

NOTE:  Modification indices for direct effects of observed dependent variables
regressed on covariates and residual covariances among observed dependent
variables may not be included.  To include these, request MODINDICES (ALL).

Minimum M.I. value for printing the modification index    10.000

                                   M.I.     E.P.C.  Std E.P.C.  StdYX E.P.C.

BY Statements

F12      BY H1WP17F              115.092     0.131      0.131        0.131
F12      BY H1WP18G               13.087    -0.055     -0.055       -0.055
F13      BY H1WP1                 12.729    -0.048     -0.048       -0.048


TECHNICAL 1 OUTPUT


     PARAMETER SPECIFICATION


           TAU
              H1WP1$1       H1WP2$1       H1WP3$1       H1WP4$1       H1WP5$1
              ________      ________      ________      ________      ________
      1           1             2             3             4             5


           TAU
              H1WP6$1       H1WP7$1       H1WP17F$      H1WP17G$      H1WP17H$
              ________      ________      ________      ________      ________
      1           6             7             8             9            10


           TAU
              H1WP18F$      H1WP18G$      H1WP18H$
              ________      ________      ________
      1          11            12            13


           NU
              H1WP1         H1WP2         H1WP3         H1WP4         H1WP5
              ________      ________      ________      ________      ________
      1           0             0             0             0             0


           NU
              H1WP6         H1WP7         H1WP17F       H1WP17G       H1WP17H
              ________      ________      ________      ________      ________
      1           0             0             0             0             0


           NU
              H1WP18F       H1WP18G       H1WP18H
              ________      ________      ________
      1           0             0             0


           LAMBDA
              F12           F13
              ________      ________
 H1WP1             14             0
 H1WP2             15             0
 H1WP3             16             0
 H1WP4             17             0
 H1WP5             18             0
 H1WP6             19             0
 H1WP7             20             0
 H1WP17F            0            21
 H1WP17G            0            22
 H1WP17H            0            23
 H1WP18F            0            24
 H1WP18G            0            25
 H1WP18H            0            26


           ALPHA
              F12           F13
              ________      ________
      1           0             0


           BETA
              F12           F13
              ________      ________
 F12                0             0
 F13                0             0


           PSI
              F12           F13
              ________      ________
 F12                0
 F13               27             0


     STARTING VALUES


           TAU
              H1WP1$1       H1WP2$1       H1WP3$1       H1WP4$1       H1WP5$1
              ________      ________      ________      ________      ________
      1         0.409        -1.017        -1.301        -0.941        -0.755


           TAU
              H1WP6$1       H1WP7$1       H1WP17F$      H1WP17G$      H1WP17H$
              ________      ________      ________      ________      ________
      1        -0.401        -0.899         0.248         0.410        -0.349


           TAU
              H1WP18F$      H1WP18G$      H1WP18H$
              ________      ________      ________
      1         0.827         0.618        -0.069


           NU
              H1WP1         H1WP2         H1WP3         H1WP4         H1WP5
              ________      ________      ________      ________      ________
      1         0.000         0.000         0.000         0.000         0.000


           NU
              H1WP6         H1WP7         H1WP17F       H1WP17G       H1WP17H
              ________      ________      ________      ________      ________
      1         0.000         0.000         0.000         0.000         0.000


           NU
              H1WP18F       H1WP18G       H1WP18H
              ________      ________      ________
      1         0.000         0.000         0.000


           LAMBDA
              F12           F13
              ________      ________
 H1WP1          1.000         0.000
 H1WP2          1.000         0.000
 H1WP3          1.000         0.000
 H1WP4          1.000         0.000
 H1WP5          1.000         0.000
 H1WP6          1.000         0.000
 H1WP7          1.000         0.000
 H1WP17F        0.000         1.000
 H1WP17G        0.000         1.000
 H1WP17H        0.000         1.000
 H1WP18F        0.000         1.000
 H1WP18G        0.000         1.000
 H1WP18H        0.000         1.000


           ALPHA
              F12           F13
              ________      ________
      1         0.000         0.000


           BETA
              F12           F13
              ________      ________
 F12            0.000         0.000
 F13            0.000         0.000


           PSI
              F12           F13
              ________      ________
 F12            1.000
 F13            0.000         1.000


SAMPLE STATISTICS FOR ESTIMATED FACTOR SCORES


     SAMPLE STATISTICS


           Means
              F12           F13
              ________      ________
 1             -0.061         0.006


           Covariances
              F12           F13
              ________      ________
 F12            0.532
 F13            0.010         0.452


           Correlations
              F12           F13
              ________      ________
 F12            1.000
 F13            0.020         1.000


PLOT INFORMATION

The following plots are available:

  Histograms (sample values, estimated factor scores, estimated values, residuals)
  Scatterplots (sample values, estimated factor scores, estimated values, residuals)
  Sample proportions and estimated probabilities
  Item characteristic curves
  Information curves
  Latent variable distribution plots

SAVEDATA INFORMATION


  Save file
    withinfamrGE_factor_score_part6

  Order and format of variables

    H1WP1          F10.3
    H1WP2          F10.3
    H1WP3          F10.3
    H1WP4          F10.3
    H1WP5          F10.3
    H1WP6          F10.3
    H1WP7          F10.3
    H1WP17F        F10.3
    H1WP17G        F10.3
    H1WP17H        F10.3
    H1WP18F        F10.3
    H1WP18G        F10.3
    H1WP18H        F10.3
    AID            I9
    F12            F10.3
    F13            F10.3
    FAM            I9

  Save file format
    13F10.3 I9 2F10.3 I9

  Save file record length    10000


DIAGRAM INFORMATION

  Use View Diagram under the Diagram menu in the Mplus Editor to view the diagram.
  If running Mplus from the Mplus Diagrammer, the diagram opens automatically.

  Diagram output
    c:\repo\2024_within_fam_rge\analysis\factor_score_par_rel_parent_part_6.dgm

     Beginning Time:  16:39:48
        Ending Time:  16:39:51
       Elapsed Time:  00:00:03



MUTHEN & MUTHEN
3463 Stoner Ave.
Los Angeles, CA  90066

Tel: (310) 391-9971
Fax: (310) 391-8971
Web: www.StatModel.com
Support: Support@StatModel.com

Copyright (c) 1998-2015 Muthen & Muthen
