Mplus VERSION 7.4
MUTHEN & MUTHEN
12/26/2024   4:29 PM

INPUT INSTRUCTIONS

  TITLE:
          Causal rGE on differential parenting;

  DATA:
          FILE IS "c:\Repo\data_local\withinfamrGE_addh_full_sample_for_fa.csv";

  VARIABLE:
          Names are AID FAM sex age_1 age_3
          white african native asian other hispanic
          income par_ed
          PC34A PC34B PC34C PC34D PC34E PC44A
          H1WP9 H1WP10 H1PF1 H1PF2 H1PF3 H1PF4 H1PF5
          H1WP13 H1WP14 H1PF23 H1PF24 H1PF25
          H1TO29 H1TO33 H1TO9 H1DS14
          H1ED19 H1ED20 H1ED22 H1ED23 H1ED24 H1PR2
          H1DS2 H1DS12 H1FV8 H1DS6 H1DS9
          H1DS10 H1DS13 H1DS11 H1FV7 H1DS7
          H3DS1 H3DS5 H3DS18I H3DS17 H3DS2
          H3DS3 H3DS6 H3DS4 H3DS18H H3HR23
          H1TO15 H1TO17 H1TO5 H1TO32 H1TO36 H1TO42
          H3TO38 H3TO40 H3TO7 H3TO110 H3TO113 H3TO119
          par_age par_sex par_marry
          PA61 PA62 PB22
          PC10 PC11 PC12 PC17
          PC32
          H1WP1 H1WP2 H1WP3 H1WP4 H1WP5 H1WP6 H1WP7
          H1WP17F H1WP17G H1WP17H H1WP18F H1WP18G H1WP18H;

          usevariables are FAM
          !PC34A PC34B PC34C PC34D PC34E PC44A
          !H1WP9 H1WP10 H1PF1 H1PF2 H1PF3 H1PF4 H1PF5
          !H1WP13 H1WP14 H1PF23 H1PF24 H1PF25
          !H1TO29 H1TO33 H1TO9 H1DS14
          !H1ED19 H1ED20 H1ED22 H1ED23 H1ED24 H1PR2
          H1DS2 H1DS12 H1FV8 H1DS6 H1DS9
          H1DS10 H1DS13 H1DS11 H1FV7 H1DS7
          H3DS1 H3DS5 H3DS18I H3DS17 H3DS2
          H3DS3 H3DS6 H3DS4 H3DS18H H3HR23
          !H1TO15 H1TO17 H1TO5 H1TO32 H1TO36 H1TO42
          !H3TO38 H3TO40 H3TO7 H3TO110 H3TO113 H3TO119
          !PA61 PA62 PB22
          !PC10 PC11 PC12 PC17
          !H1WP1 H1WP2 H1WP3 H1WP4 H1WP5 H1WP6 H1WP7
          !H1WP17F H1WP17G H1WP17H H1WP18F H1WP18G H1WP18H
          ;

          IDVARIABLE = AID;

          CATEGORICAL ARE
          !PC34A PC34B PC34C PC34D PC34E PC44A
          !H1WP9 H1WP10 H1PF1 H1PF2 H1PF3 H1PF4 H1PF5
          !H1WP13 H1WP14 H1PF23 H1PF24 H1PF25
          !H1TO29 H1TO33 H1TO9 H1DS14
          !H1ED19 H1ED20 H1ED22 H1ED23 H1ED24 H1PR2
          H1DS2 H1DS12 H1FV8 H1DS6 H1DS9
          H1DS10 H1DS13 H1DS11 H1FV7 H1DS7
          H3DS1 H3DS5 H3DS18I H3DS17 H3DS2
          H3DS3 H3DS6 H3DS4 H3DS18H H3HR23
          !PC10 PC11 PC12 PC17
          !H1WP1 H1WP2 H1WP3 H1WP4 H1WP5 H1WP6 H1WP7
          !H1WP17F H1WP17G H1WP17H H1WP18F H1WP18G H1WP18H
          ;

          !CENSORED ARE
          !H1TO15 (bi) H1TO17 (bi) H1TO5 (bi) H1TO32 (bi)
          !H1TO36 (bi) H1TO42 (bi) H3TO38 (bi) H3TO40 (bi)
          !H3TO7 (bi) H3TO110 (bi) H3TO113 (bi) H3TO119 (bi)
          !PA61 (bi) PA62 (bi) PB22 (bi)
          !;

          CLUSTER IS FAM;

          Missing are .;

  DEFINE:


  ANALYSIS:

          TYPE = COMPLEX;
          !ESTIMATOR = BAYES;
          ESTIMATOR=WLSMV;
          !BOOTSTRAP = 20000;
          !FBITERATIONS= 20000;
  MODEL:

          !f1 BY PC34A* PC34B PC34C PC34D PC34E PC44A;
          !f2 BY H1WP9* H1WP10 H1PF1 H1PF2 H1PF3 H1PF4 H1PF5;
          !f3 BY H1WP13* H1WP14 H1PF23 H1PF24 H1PF25;
          !f4 BY H1TO29* H1TO33 H1TO9 H1DS14;
          !f5 BY H1ED19* H1ED20 H1ED22 H1ED23 H1ED24 H1PR2;
          f6 BY H1DS2* H1DS12 H1FV8 H1DS6 H1DS9
          H1DS10 H1DS13 H1DS11 H1FV7 H1DS7;
          f7 BY H3DS1* H3DS5 H3DS18I H3DS17 H3DS2
          H3DS3 H3DS6 H3DS4 H3DS18H H3HR23;

          H1DS2 H1DS12 H1FV8 H1DS6 PWITH H3DS1 H3DS5 H3DS18I H3DS17;
          H1DS9 H1DS10 H1DS13 H1DS11 PWITH H3DS2 H3DS3 H3DS6 H3DS4;
          H1FV7 H1DS7 PWITH H3DS18H H3HR23;

          !f8 BY H1TO15* H1TO17 H1TO5 H1TO32 H1TO36 H1TO42;
          !f9 BY H3TO38* H3TO40 H3TO7 H3TO110 H3TO113 H3TO119;
          !f10 BY PA61* PA62 PB22;
          !f11 BY PC10* PC11 PC12 PC17;
          !f12 BY H1WP1* H1WP2 H1WP3 H1WP4 H1WP5 H1WP6 H1WP7;
          !f13 BY H1WP17F* H1WP17G H1WP17H H1WP18F H1WP18G H1WP18H;

          [f6-f7@0];
          f6-f7@1;


  MODEL CONSTRAINT:

  OUTPUT: TECH1 TECH8 MODINDICES;
  PLOT: TYPE = PLOT3;

  SAVEDATA:
  FILE IS withinfamrGE_factor_score_part2;

  SAVE = FSCORES;



*** WARNING in OUTPUT command
  TECH8 option is available only with analysis types MIXTURE, RANDOM, or
  TWOLEVEL with estimators ML, MLF, or MLR or ALGORITHM=INTEGRATION.
  Request for TECH8 is ignored.
*** WARNING
  Data set contains cases with missing on all variables.
  These cases were not included in the analysis.
  Number of cases with missing on all variables:  14
   2 WARNING(S) FOUND IN THE INPUT INSTRUCTIONS




Causal rGE on differential parenting;

SUMMARY OF ANALYSIS

Number of groups                                                 1
Number of observations                                        9960

Number of dependent variables                                   20
Number of independent variables                                  0
Number of continuous latent variables                            2

Observed dependent variables

  Binary and ordered categorical (ordinal)
   H1DS2       H1DS12      H1FV8       H1DS6       H1DS9       H1DS10
   H1DS13      H1DS11      H1FV7       H1DS7       H3DS1       H3DS5
   H3DS18I     H3DS17      H3DS2       H3DS3       H3DS6       H3DS4
   H3DS18H     H3HR23

Continuous latent variables
   F6          F7

Variables with special functions

  Cluster variable      FAM
  ID variable           AID

Estimator                                                    WLSMV
Maximum number of iterations                                  1000
Convergence criterion                                    0.500D-04
Maximum number of steepest descent iterations                   20
Maximum number of iterations for H1                           2000
Convergence criterion for H1                             0.100D-03
Parameterization                                             DELTA

Input data file(s)
  c:\Repo\data_local\withinfamrGE_addh_full_sample_for_fa.csv

Input data format  FREE


SUMMARY OF DATA

     Number of missing data patterns            89
     Number of clusters        8923



COVARIANCE COVERAGE OF DATA

Minimum covariance coverage value   0.100


     PROPORTION OF DATA PRESENT


           Covariance Coverage
              H1DS2         H1DS12        H1FV8         H1DS6         H1DS9
              ________      ________      ________      ________      ________
 H1DS2          0.995
 H1DS12         0.993         0.995
 H1FV8          0.994         0.994         0.996
 H1DS6          0.993         0.992         0.993         0.994
 H1DS9          0.994         0.994         0.995         0.994         0.996
 H1DS10         0.994         0.994         0.995         0.994         0.996
 H1DS13         0.993         0.993         0.994         0.993         0.994
 H1DS11         0.994         0.994         0.995         0.994         0.995
 H1FV7          0.994         0.994         0.996         0.994         0.995
 H1DS7          0.995         0.994         0.995         0.994         0.996
 H3DS1          0.831         0.830         0.830         0.830         0.831
 H3DS5          0.830         0.829         0.830         0.829         0.830
 H3DS18I        0.833         0.832         0.833         0.833         0.834
 H3DS17         0.826         0.825         0.826         0.825         0.826
 H3DS2          0.831         0.830         0.831         0.831         0.832
 H3DS3          0.832         0.831         0.832         0.832         0.833
 H3DS6          0.832         0.831         0.832         0.831         0.832
 H3DS4          0.832         0.832         0.832         0.832         0.833
 H3DS18H        0.833         0.832         0.833         0.833         0.833
 H3HR23         0.837         0.836         0.837         0.836         0.837


           Covariance Coverage
              H1DS10        H1DS13        H1DS11        H1FV7         H1DS7
              ________      ________      ________      ________      ________
 H1DS10         0.996
 H1DS13         0.994         0.995
 H1DS11         0.996         0.994         0.996
 H1FV7          0.995         0.994         0.995         0.996
 H1DS7          0.996         0.994         0.996         0.996         0.996
 H3DS1          0.831         0.829         0.831         0.831         0.831
 H3DS5          0.830         0.829         0.830         0.830         0.830
 H3DS18I        0.833         0.832         0.833         0.833         0.834
 H3DS17         0.826         0.824         0.826         0.826         0.826
 H3DS2          0.831         0.830         0.831         0.832         0.832
 H3DS3          0.832         0.831         0.832         0.832         0.833
 H3DS6          0.832         0.831         0.832         0.832         0.832
 H3DS4          0.832         0.831         0.832         0.833         0.833
 H3DS18H        0.833         0.832         0.833         0.833         0.834
 H3HR23         0.837         0.836         0.837         0.837         0.838


           Covariance Coverage
              H3DS1         H3DS5         H3DS18I       H3DS17        H3DS2
              ________      ________      ________      ________      ________
 H3DS1          0.834
 H3DS5          0.830         0.833
 H3DS18I        0.831         0.830         0.837
 H3DS17         0.825         0.824         0.827         0.829
 H3DS2          0.833         0.831         0.832         0.826         0.835
 H3DS3          0.833         0.832         0.833         0.827         0.834
 H3DS6          0.832         0.832         0.832         0.826         0.834
 H3DS4          0.833         0.833         0.833         0.827         0.834
 H3DS18H        0.831         0.830         0.836         0.827         0.832
 H3HR23         0.833         0.832         0.836         0.828         0.834


           Covariance Coverage
              H3DS3         H3DS6         H3DS4         H3DS18H       H3HR23
              ________      ________      ________      ________      ________
 H3DS3          0.836
 H3DS6          0.834         0.835
 H3DS4          0.835         0.835         0.836
 H3DS18H        0.833         0.833         0.833         0.837
 H3HR23         0.835         0.835         0.835         0.836         0.841


UNIVARIATE PROPORTIONS AND COUNTS FOR CATEGORICAL VARIABLES

    H1DS2
      Category 1    0.823         8155.000
      Category 2    0.177         1757.000
    H1DS12
      Category 1    0.925         9162.000
      Category 2    0.075          745.000
    H1FV8
      Category 1    0.983         9749.000
      Category 2    0.017          171.000
    H1DS6
      Category 1    0.816         8080.000
      Category 2    0.184         1825.000
    H1DS9
      Category 1    0.947         9394.000
      Category 2    0.053          527.000
    H1DS10
      Category 1    0.947         9397.000
      Category 2    0.053          522.000
    H1DS13
      Category 1    0.793         7856.000
      Category 2    0.207         2050.000
    H1DS11
      Category 1    0.956         9484.000
      Category 2    0.044          436.000
    H1FV7
      Category 1    0.954         9466.000
      Category 2    0.046          457.000
    H1DS7
      Category 1    0.913         9063.000
      Category 2    0.087          861.000
    H3DS1
      Category 1    0.913         7581.000
      Category 2    0.087          723.000
    H3DS5
      Category 1    0.922         7647.000
      Category 2    0.078          649.000
    H3DS18I
      Category 1    0.995         8291.000
      Category 2    0.005           41.000
    H3DS17
      Category 1    0.944         7788.000
      Category 2    0.056          466.000
    H3DS2
      Category 1    0.968         8045.000
      Category 2    0.032          269.000
    H3DS3
      Category 1    0.982         8173.000
      Category 2    0.018          149.000
    H3DS6
      Category 1    0.925         7692.000
      Category 2    0.075          626.000
    H3DS4
      Category 1    0.980         8161.000
      Category 2    0.020          163.000
    H3DS18H
      Category 1    0.985         8207.000
      Category 2    0.015          125.000
    H3HR23
      Category 1    0.914         7657.000
      Category 2    0.086          716.000



THE MODEL ESTIMATION TERMINATED NORMALLY

     THE MODEL CONTAINS A NON-ZERO CORRELATION BETWEEN DEPENDENT VARIABLES.
     SUCH CORRELATIONS ARE IGNORED IN THE COMPUTATION OF THE FACTOR SCORES.



MODEL FIT INFORMATION

Number of Free Parameters                       51

Chi-Square Test of Model Fit

          Value                           1624.117*
          Degrees of Freedom                   159
          P-Value                           0.0000

*   The chi-square value for MLM, MLMV, MLR, ULSMV, WLSM and WLSMV cannot be used
    for chi-square difference testing in the regular way.  MLM, MLR and WLSM
    chi-square difference testing is described on the Mplus website.  MLMV, WLSMV,
    and ULSMV difference testing is done using the DIFFTEST option.

RMSEA (Root Mean Square Error Of Approximation)

          Estimate                           0.030
          90 Percent C.I.                    0.029  0.032
          Probability RMSEA <= .05           1.000

CFI/TLI

          CFI                                0.939
          TLI                                0.927

Chi-Square Test of Model Fit for the Baseline Model

          Value                          24277.291
          Degrees of Freedom                   190
          P-Value                           0.0000

WRMR (Weighted Root Mean Square Residual)

          Value                              2.856



MODEL RESULTS

                                                    Two-Tailed
                    Estimate       S.E.  Est./S.E.    P-Value

 F6       BY
    H1DS2              0.688      0.013     52.452      0.000
    H1DS12             0.718      0.015     47.524      0.000
    H1FV8              0.861      0.019     45.343      0.000
    H1DS6              0.621      0.014     43.124      0.000
    H1DS9              0.814      0.014     57.914      0.000
    H1DS10             0.814      0.014     58.082      0.000
    H1DS13             0.719      0.013     55.820      0.000
    H1DS11             0.756      0.016     45.818      0.000
    H1FV7              0.818      0.014     58.701      0.000
    H1DS7              0.464      0.020     22.678      0.000

 F7       BY
    H3DS1              0.670      0.020     33.554      0.000
    H3DS5              0.671      0.021     32.731      0.000
    H3DS18I            0.925      0.036     25.869      0.000
    H3DS17             0.581      0.025     22.934      0.000
    H3DS2              0.840      0.018     45.882      0.000
    H3DS3              0.871      0.021     41.658      0.000
    H3DS6              0.742      0.018     40.669      0.000
    H3DS4              0.720      0.028     25.423      0.000
    H3DS18H            0.788      0.031     25.541      0.000
    H3HR23             0.358      0.029     12.333      0.000

 F7       WITH
    F6                 0.428      0.023     18.549      0.000

 H1DS2    WITH
    H3DS1              0.164      0.023      7.207      0.000

 H1DS12   WITH
    H3DS5              0.179      0.027      6.496      0.000

 H1FV8    WITH
    H3DS18I           -0.154      0.124     -1.243      0.214

 H1DS6    WITH
    H3DS17             0.199      0.027      7.465      0.000

 H1DS9    WITH
    H3DS2             -0.023      0.039     -0.590      0.555

 H1DS10   WITH
    H3DS3              0.017      0.046      0.373      0.710

 H1DS13   WITH
    H3DS6              0.094      0.025      3.806      0.000

 H1DS11   WITH
    H3DS4              0.100      0.046      2.151      0.032

 H1FV7    WITH
    H3DS18H            0.111      0.049      2.241      0.025

 H1DS7    WITH
    H3HR23             0.570      0.021     27.160      0.000

 Means
    F6                 0.000      0.000    999.000    999.000
    F7                 0.000      0.000    999.000    999.000

 Thresholds
    H1DS2$1            0.926      0.015     61.595      0.000
    H1DS12$1           1.438      0.019     76.107      0.000
    H1FV8$1            2.114      0.031     68.732      0.000
    H1DS6$1            0.899      0.015     60.630      0.000
    H1DS9$1            1.615      0.021     76.412      0.000
    H1DS10$1           1.620      0.021     77.269      0.000
    H1DS13$1           0.817      0.014     56.599      0.000
    H1DS11$1           1.707      0.022     76.416      0.000
    H1FV7$1            1.684      0.022     76.483      0.000
    H1DS7$1            1.361      0.018     75.725      0.000
    H3DS1$1            1.359      0.020     69.048      0.000
    H3DS5$1            1.417      0.020     69.323      0.000
    H3DS18I$1          2.581      0.054     48.026      0.000
    H3DS17$1           1.585      0.022     70.670      0.000
    H3DS2$1            1.847      0.027     68.928      0.000
    H3DS3$1            2.099      0.033     63.404      0.000
    H3DS6$1            1.438      0.021     69.904      0.000
    H3DS4$1            2.062      0.032     64.685      0.000
    H3DS18H$1          2.170      0.035     61.297      0.000
    H3HR23$1           1.369      0.020     68.895      0.000

 Variances
    F6                 1.000      0.000    999.000    999.000
    F7                 1.000      0.000    999.000    999.000


R-SQUARE

    Observed                   Residual
    Variable        Estimate   Variance

    H1DS2              0.474      0.526
    H1DS12             0.516      0.484
    H1FV8              0.741      0.259
    H1DS6              0.385      0.615
    H1DS9              0.662      0.338
    H1DS10             0.663      0.337
    H1DS13             0.517      0.483
    H1DS11             0.571      0.429
    H1FV7              0.670      0.330
    H1DS7              0.216      0.784
    H3DS1              0.448      0.552
    H3DS5              0.451      0.549
    H3DS18I            0.855      0.145
    H3DS17             0.337      0.663
    H3DS2              0.706      0.294
    H3DS3              0.758      0.242
    H3DS6              0.550      0.450
    H3DS4              0.519      0.481
    H3DS18H            0.621      0.379
    H3HR23             0.128      0.872


QUALITY OF NUMERICAL RESULTS

     Condition Number for the Information Matrix              0.290E-02
       (ratio of smallest to largest eigenvalue)


MODEL MODIFICATION INDICES

NOTE:  Modification indices for direct effects of observed dependent variables
regressed on covariates and residual covariances among observed dependent
variables may not be included.  To include these, request MODINDICES (ALL).

Minimum M.I. value for printing the modification index    10.000

                                   M.I.     E.P.C.  Std E.P.C.  StdYX E.P.C.

BY Statements

F6       BY H3DS5                 25.594     0.116      0.116        0.116
F6       BY H3DS6                 26.579    -0.129     -0.129       -0.129
F6       BY H3HR23               141.458     0.257      0.257        0.257
F7       BY H1DS2                 28.242     0.122      0.122        0.122
F7       BY H1DS7                 16.321    -0.111     -0.111       -0.111

WITH Statements

H1FV8    WITH H1DS2               22.143    -0.182     -0.182       -0.493
H1DS9    WITH H1FV8               25.936    -0.216     -0.216       -0.730
H1DS10   WITH H1FV8               38.913    -0.287     -0.287       -0.970
H1DS10   WITH H1DS6               18.582    -0.122     -0.122       -0.268
H1DS10   WITH H1DS9               27.677     0.129      0.129        0.383
H1DS13   WITH H1DS2               40.350     0.122      0.122        0.242
H1DS13   WITH H1FV8               82.852    -0.385     -0.385       -1.089
H1DS13   WITH H1DS6               20.659    -0.097     -0.097       -0.178
H1DS13   WITH H1DS9               29.677     0.125      0.125        0.310
H1DS13   WITH H1DS10              82.095     0.200      0.200        0.495
H1DS11   WITH H1DS13              35.396    -0.174     -0.174       -0.383
H1FV7    WITH H1DS2               21.326    -0.132     -0.132       -0.317
H1FV7    WITH H1FV8              212.955     0.373      0.373        1.278
H1FV7    WITH H1DS6               19.195     0.110      0.110        0.244
H1FV7    WITH H1DS9               37.111    -0.207     -0.207       -0.620
H1FV7    WITH H1DS10              50.159    -0.247     -0.247       -0.741
H1FV7    WITH H1DS13             100.120    -0.303     -0.303       -0.760
H1FV7    WITH H1DS11              14.725     0.105      0.105        0.280
H1DS7    WITH H1DS12              14.128     0.106      0.106        0.172
H3DS5    WITH H1DS2               11.914     0.097      0.097        0.180
H3DS18I  WITH H3DS1               28.354    -0.449     -0.449       -1.590
H3DS18I  WITH H3DS5               23.456    -0.400     -0.400       -1.417
H3DS17   WITH H1DS12              12.251     0.128      0.128        0.227
H3DS2    WITH H3DS18I             26.215    -0.440     -0.440       -2.131
H3DS2    WITH H3DS17              14.757    -0.178     -0.178       -0.405
H3DS3    WITH H3DS18I             26.505    -0.609     -0.609       -3.255
H3DS6    WITH H1DS2               24.906     0.137      0.137        0.281
H3DS6    WITH H1DS6               18.665    -0.134     -0.134       -0.255
H3DS6    WITH H1FV7               16.096    -0.185     -0.185       -0.479
H3DS6    WITH H1DS7               14.320    -0.149     -0.149       -0.251
H3DS6    WITH H3DS1               39.820     0.178      0.178        0.357
H3DS6    WITH H3DS18I             46.346    -0.798     -0.798       -3.128
H3DS6    WITH H3DS17              39.614    -0.256     -0.256       -0.469
H3DS6    WITH H3DS2               79.839     0.270      0.270        0.742
H3DS6    WITH H3DS3               11.750     0.123      0.123        0.374
H3DS18H  WITH H3DS1               12.467    -0.181     -0.181       -0.395
H3DS18H  WITH H3DS5               13.866    -0.196     -0.196       -0.429
H3DS18H  WITH H3DS18I            196.924     0.642      0.642        2.737
H3DS18H  WITH H3DS17              17.915     0.184      0.184        0.366
H3DS18H  WITH H3DS2               27.452    -0.320     -0.320       -0.960
H3DS18H  WITH H3DS3               29.055    -0.407     -0.407       -1.344
H3DS18H  WITH H3DS6               58.356    -0.470     -0.470       -1.137
H3HR23   WITH H1DS12              23.292     0.162      0.162        0.249
H3HR23   WITH H1DS6               20.937     0.127      0.127        0.174
H3HR23   WITH H1DS9               24.107     0.177      0.177        0.326
H3HR23   WITH H1DS10              11.284     0.125      0.125        0.230
H3HR23   WITH H1DS13              23.820     0.134      0.134        0.206
H3HR23   WITH H3DS6               23.026    -0.185     -0.185       -0.295


TECHNICAL 1 OUTPUT


     PARAMETER SPECIFICATION


           TAU
              H1DS2$1       H1DS12$1      H1FV8$1       H1DS6$1       H1DS9$1
              ________      ________      ________      ________      ________
      1           1             2             3             4             5


           TAU
              H1DS10$1      H1DS13$1      H1DS11$1      H1FV7$1       H1DS7$1
              ________      ________      ________      ________      ________
      1           6             7             8             9            10


           TAU
              H3DS1$1       H3DS5$1       H3DS18I$      H3DS17$1      H3DS2$1
              ________      ________      ________      ________      ________
      1          11            12            13            14            15


           TAU
              H3DS3$1       H3DS6$1       H3DS4$1       H3DS18H$      H3HR23$1
              ________      ________      ________      ________      ________
      1          16            17            18            19            20


           NU
              H1DS2         H1DS12        H1FV8         H1DS6         H1DS9
              ________      ________      ________      ________      ________
      1           0             0             0             0             0


           NU
              H1DS10        H1DS13        H1DS11        H1FV7         H1DS7
              ________      ________      ________      ________      ________
      1           0             0             0             0             0


           NU
              H3DS1         H3DS5         H3DS18I       H3DS17        H3DS2
              ________      ________      ________      ________      ________
      1           0             0             0             0             0


           NU
              H3DS3         H3DS6         H3DS4         H3DS18H       H3HR23
              ________      ________      ________      ________      ________
      1           0             0             0             0             0


           LAMBDA
              F6            F7
              ________      ________
 H1DS2             21             0
 H1DS12            22             0
 H1FV8             23             0
 H1DS6             24             0
 H1DS9             25             0
 H1DS10            26             0
 H1DS13            27             0
 H1DS11            28             0
 H1FV7             29             0
 H1DS7             30             0
 H3DS1              0            31
 H3DS5              0            32
 H3DS18I            0            33
 H3DS17             0            34
 H3DS2              0            35
 H3DS3              0            36
 H3DS6              0            37
 H3DS4              0            38
 H3DS18H            0            39
 H3HR23             0            40


           THETA
              H1DS2         H1DS12        H1FV8         H1DS6         H1DS9
              ________      ________      ________      ________      ________
 H1DS2              0
 H1DS12             0             0
 H1FV8              0             0             0
 H1DS6              0             0             0             0
 H1DS9              0             0             0             0             0
 H1DS10             0             0             0             0             0
 H1DS13             0             0             0             0             0
 H1DS11             0             0             0             0             0
 H1FV7              0             0             0             0             0
 H1DS7              0             0             0             0             0
 H3DS1             41             0             0             0             0
 H3DS5              0            42             0             0             0
 H3DS18I            0             0            43             0             0
 H3DS17             0             0             0            44             0
 H3DS2              0             0             0             0            45
 H3DS3              0             0             0             0             0
 H3DS6              0             0             0             0             0
 H3DS4              0             0             0             0             0
 H3DS18H            0             0             0             0             0
 H3HR23             0             0             0             0             0


           THETA
              H1DS10        H1DS13        H1DS11        H1FV7         H1DS7
              ________      ________      ________      ________      ________
 H1DS10             0
 H1DS13             0             0
 H1DS11             0             0             0
 H1FV7              0             0             0             0
 H1DS7              0             0             0             0             0
 H3DS1              0             0             0             0             0
 H3DS5              0             0             0             0             0
 H3DS18I            0             0             0             0             0
 H3DS17             0             0             0             0             0
 H3DS2              0             0             0             0             0
 H3DS3             46             0             0             0             0
 H3DS6              0            47             0             0             0
 H3DS4              0             0            48             0             0
 H3DS18H            0             0             0            49             0
 H3HR23             0             0             0             0            50


           THETA
              H3DS1         H3DS5         H3DS18I       H3DS17        H3DS2
              ________      ________      ________      ________      ________
 H3DS1              0
 H3DS5              0             0
 H3DS18I            0             0             0
 H3DS17             0             0             0             0
 H3DS2              0             0             0             0             0
 H3DS3              0             0             0             0             0
 H3DS6              0             0             0             0             0
 H3DS4              0             0             0             0             0
 H3DS18H            0             0             0             0             0
 H3HR23             0             0             0             0             0


           THETA
              H3DS3         H3DS6         H3DS4         H3DS18H       H3HR23
              ________      ________      ________      ________      ________
 H3DS3              0
 H3DS6              0             0
 H3DS4              0             0             0
 H3DS18H            0             0             0             0
 H3HR23             0             0             0             0             0


           ALPHA
              F6            F7
              ________      ________
      1           0             0


           BETA
              F6            F7
              ________      ________
 F6                 0             0
 F7                 0             0


           PSI
              F6            F7
              ________      ________
 F6                 0
 F7                51             0


     STARTING VALUES


           TAU
              H1DS2$1       H1DS12$1      H1FV8$1       H1DS6$1       H1DS9$1
              ________      ________      ________      ________      ________
      1         0.926         1.438         2.114         0.899         1.615


           TAU
              H1DS10$1      H1DS13$1      H1DS11$1      H1FV7$1       H1DS7$1
              ________      ________      ________      ________      ________
      1         1.620         0.817         1.707         1.684         1.361


           TAU
              H3DS1$1       H3DS5$1       H3DS18I$      H3DS17$1      H3DS2$1
              ________      ________      ________      ________      ________
      1         1.359         1.417         2.581         1.585         1.847


           TAU
              H3DS3$1       H3DS6$1       H3DS4$1       H3DS18H$      H3HR23$1
              ________      ________      ________      ________      ________
      1         2.099         1.438         2.062         2.170         1.369


           NU
              H1DS2         H1DS12        H1FV8         H1DS6         H1DS9
              ________      ________      ________      ________      ________
      1         0.000         0.000         0.000         0.000         0.000


           NU
              H1DS10        H1DS13        H1DS11        H1FV7         H1DS7
              ________      ________      ________      ________      ________
      1         0.000         0.000         0.000         0.000         0.000


           NU
              H3DS1         H3DS5         H3DS18I       H3DS17        H3DS2
              ________      ________      ________      ________      ________
      1         0.000         0.000         0.000         0.000         0.000


           NU
              H3DS3         H3DS6         H3DS4         H3DS18H       H3HR23
              ________      ________      ________      ________      ________
      1         0.000         0.000         0.000         0.000         0.000


           LAMBDA
              F6            F7
              ________      ________
 H1DS2          1.000         0.000
 H1DS12         1.000         0.000
 H1FV8          1.000         0.000
 H1DS6          1.000         0.000
 H1DS9          1.000         0.000
 H1DS10         1.000         0.000
 H1DS13         1.000         0.000
 H1DS11         1.000         0.000
 H1FV7          1.000         0.000
 H1DS7          1.000         0.000
 H3DS1          0.000         1.000
 H3DS5          0.000         1.000
 H3DS18I        0.000         1.000
 H3DS17         0.000         1.000
 H3DS2          0.000         1.000
 H3DS3          0.000         1.000
 H3DS6          0.000         1.000
 H3DS4          0.000         1.000
 H3DS18H        0.000         1.000
 H3HR23         0.000         1.000


           THETA
              H1DS2         H1DS12        H1FV8         H1DS6         H1DS9
              ________      ________      ________      ________      ________
 H1DS2          1.000
 H1DS12         0.000         1.000
 H1FV8          0.000         0.000         1.000
 H1DS6          0.000         0.000         0.000         1.000
 H1DS9          0.000         0.000         0.000         0.000         1.000
 H1DS10         0.000         0.000         0.000         0.000         0.000
 H1DS13         0.000         0.000         0.000         0.000         0.000
 H1DS11         0.000         0.000         0.000         0.000         0.000
 H1FV7          0.000         0.000         0.000         0.000         0.000
 H1DS7          0.000         0.000         0.000         0.000         0.000
 H3DS1          0.000         0.000         0.000         0.000         0.000
 H3DS5          0.000         0.000         0.000         0.000         0.000
 H3DS18I        0.000         0.000         0.000         0.000         0.000
 H3DS17         0.000         0.000         0.000         0.000         0.000
 H3DS2          0.000         0.000         0.000         0.000         0.000
 H3DS3          0.000         0.000         0.000         0.000         0.000
 H3DS6          0.000         0.000         0.000         0.000         0.000
 H3DS4          0.000         0.000         0.000         0.000         0.000
 H3DS18H        0.000         0.000         0.000         0.000         0.000
 H3HR23         0.000         0.000         0.000         0.000         0.000


           THETA
              H1DS10        H1DS13        H1DS11        H1FV7         H1DS7
              ________      ________      ________      ________      ________
 H1DS10         1.000
 H1DS13         0.000         1.000
 H1DS11         0.000         0.000         1.000
 H1FV7          0.000         0.000         0.000         1.000
 H1DS7          0.000         0.000         0.000         0.000         1.000
 H3DS1          0.000         0.000         0.000         0.000         0.000
 H3DS5          0.000         0.000         0.000         0.000         0.000
 H3DS18I        0.000         0.000         0.000         0.000         0.000
 H3DS17         0.000         0.000         0.000         0.000         0.000
 H3DS2          0.000         0.000         0.000         0.000         0.000
 H3DS3          0.000         0.000         0.000         0.000         0.000
 H3DS6          0.000         0.000         0.000         0.000         0.000
 H3DS4          0.000         0.000         0.000         0.000         0.000
 H3DS18H        0.000         0.000         0.000         0.000         0.000
 H3HR23         0.000         0.000         0.000         0.000         0.000


           THETA
              H3DS1         H3DS5         H3DS18I       H3DS17        H3DS2
              ________      ________      ________      ________      ________
 H3DS1          1.000
 H3DS5          0.000         1.000
 H3DS18I        0.000         0.000         1.000
 H3DS17         0.000         0.000         0.000         1.000
 H3DS2          0.000         0.000         0.000         0.000         1.000
 H3DS3          0.000         0.000         0.000         0.000         0.000
 H3DS6          0.000         0.000         0.000         0.000         0.000
 H3DS4          0.000         0.000         0.000         0.000         0.000
 H3DS18H        0.000         0.000         0.000         0.000         0.000
 H3HR23         0.000         0.000         0.000         0.000         0.000


           THETA
              H3DS3         H3DS6         H3DS4         H3DS18H       H3HR23
              ________      ________      ________      ________      ________
 H3DS3          1.000
 H3DS6          0.000         1.000
 H3DS4          0.000         0.000         1.000
 H3DS18H        0.000         0.000         0.000         1.000
 H3HR23         0.000         0.000         0.000         0.000         1.000


           ALPHA
              F6            F7
              ________      ________
      1         0.000         0.000


           BETA
              F6            F7
              ________      ________
 F6             0.000         0.000
 F7             0.000         0.000


           PSI
              F6            F7
              ________      ________
 F6             1.000
 F7             0.000         1.000


SAMPLE STATISTICS FOR ESTIMATED FACTOR SCORES


     SAMPLE STATISTICS


           Means
              F6            F7
              ________      ________
 1              0.131         0.133


           Covariances
              F6            F7
              ________      ________
 F6             0.494
 F7             0.268         0.354


           Correlations
              F6            F7
              ________      ________
 F6             1.000
 F7             0.641         1.000


PLOT INFORMATION

The following plots are available:

  Histograms (sample values, estimated factor scores, estimated values, residuals)
  Scatterplots (sample values, estimated factor scores, estimated values, residuals)
  Sample proportions and estimated probabilities
  Item characteristic curves
  Information curves
  Latent variable distribution plots

SAVEDATA INFORMATION


  Save file
    withinfamrGE_factor_score_part2

  Order and format of variables

    H1DS2          F10.3
    H1DS12         F10.3
    H1FV8          F10.3
    H1DS6          F10.3
    H1DS9          F10.3
    H1DS10         F10.3
    H1DS13         F10.3
    H1DS11         F10.3
    H1FV7          F10.3
    H1DS7          F10.3
    H3DS1          F10.3
    H3DS5          F10.3
    H3DS18I        F10.3
    H3DS17         F10.3
    H3DS2          F10.3
    H3DS3          F10.3
    H3DS6          F10.3
    H3DS4          F10.3
    H3DS18H        F10.3
    H3HR23         F10.3
    AID            I9
    F6             F10.3
    F7             F10.3
    FAM            I9

  Save file format
    20F10.3 I9 2F10.3 I9

  Save file record length    10000


DIAGRAM INFORMATION

  Use View Diagram under the Diagram menu in the Mplus Editor to view the diagram.
  If running Mplus from the Mplus Diagrammer, the diagram opens automatically.

  Diagram output
    c:\repo\2024_within_fam_rge\analysis\factor_score_par_rel_parent_part_2.dgm

     Beginning Time:  16:29:49
        Ending Time:  16:29:53
       Elapsed Time:  00:00:04



MUTHEN & MUTHEN
3463 Stoner Ave.
Los Angeles, CA  90066

Tel: (310) 391-9971
Fax: (310) 391-8971
Web: www.StatModel.com
Support: Support@StatModel.com

Copyright (c) 1998-2015 Muthen & Muthen
