Mplus VERSION 7.4
MUTHEN & MUTHEN
12/26/2024   4:29 PM

INPUT INSTRUCTIONS

  TITLE:
          Causal rGE on differential parenting;

  DATA:
          FILE IS "c:\Repo\data_local\withinfamrGE_addh_full_sample_for_fa.csv";

  VARIABLE:
          Names are AID FAM sex age_1 age_3
          white african native asian other hispanic
          income par_ed
          PC34A PC34B PC34C PC34D PC34E PC44A
          H1WP9 H1WP10 H1PF1 H1PF2 H1PF3 H1PF4 H1PF5
          H1WP13 H1WP14 H1PF23 H1PF24 H1PF25
          H1TO29 H1TO33 H1TO9 H1DS14
          H1ED19 H1ED20 H1ED22 H1ED23 H1ED24 H1PR2
          H1DS2 H1DS12 H1FV8 H1DS6 H1DS9
          H1DS10 H1DS13 H1DS11 H1FV7 H1DS7
          H3DS1 H3DS5 H3DS18I H3DS17 H3DS2
          H3DS3 H3DS6 H3DS4 H3DS18H H3HR23
          H1TO15 H1TO17 H1TO5 H1TO32 H1TO36 H1TO42
          H3TO38 H3TO40 H3TO7 H3TO110 H3TO113 H3TO119
          par_age par_sex par_marry
          PA61 PA62 PB22
          PC10 PC11 PC12 PC17
          PC32
          H1WP1 H1WP2 H1WP3 H1WP4 H1WP5 H1WP6 H1WP7
          H1WP17F H1WP17G H1WP17H H1WP18F H1WP18G H1WP18H;

          usevariables are FAM
          PC34A PC34B PC34C PC34D PC34E PC44A
          H1WP9 H1WP10 H1PF1 H1PF2 H1PF3 H1PF4 H1PF5
          H1WP13 H1WP14 H1PF23 H1PF24 H1PF25
          H1TO29 H1TO33 H1TO9 H1DS14
          H1ED19 H1ED20 H1ED22 H1ED23 H1ED24 H1PR2
          !H1DS2 H1DS12 H1FV8 H1DS6 H1DS9
          !H1DS10 H1DS13 H1DS11 H1FV7 H1DS7
          !H3DS1 H3DS5 H3DS18I H3DS17 H3DS2
          !H3DS3 H3DS6 H3DS4 H3DS18H H3HR23
          !H1TO15 H1TO17 H1TO5 H1TO32 H1TO36 H1TO42
          !H3TO38 H3TO40 H3TO7 H3TO110 H3TO113 H3TO119
          !PA61 PA62 PB22
          !PC10 PC11 PC12 PC17
          !H1WP1 H1WP2 H1WP3 H1WP4 H1WP5 H1WP6 H1WP7
          !H1WP17F H1WP17G H1WP17H H1WP18F H1WP18G H1WP18H
          ;

          IDVARIABLE = AID;

          CATEGORICAL ARE PC34A PC34B PC34C
          PC34D PC34E PC44A
          H1WP9 H1WP10 H1PF1 H1PF2 H1PF3 H1PF4 H1PF5
          H1WP13 H1WP14 H1PF23 H1PF24 H1PF25
          H1TO29 H1TO33 H1TO9 H1DS14
          H1ED19 H1ED20 H1ED22 H1ED23 H1ED24 H1PR2
          !H1DS2 H1DS12 H1FV8 H1DS6 H1DS9
          !H1DS10 H1DS13 H1DS11 H1FV7 H1DS7
          !H3DS1 H3DS5 H3DS18I H3DS17 H3DS2
          !H3DS3 H3DS6 H3DS4 H3DS18H H3HR23
          !PC10 PC11 PC12 PC17
          !H1WP1 H1WP2 H1WP3 H1WP4 H1WP5 H1WP6 H1WP7
          !H1WP17F H1WP17G H1WP17H H1WP18F H1WP18G H1WP18H
          ;

          !CENSORED ARE
          !H1TO15 (bi) H1TO17 (bi) H1TO5 (bi) H1TO32 (bi)
          !H1TO36 (bi) H1TO42 (bi) H3TO38 (bi) H3TO40 (bi)
          !H3TO7 (bi) H3TO110 (bi) H3TO113 (bi) H3TO119 (bi)
          !PA61 (bi) PA62 (bi) PB22 (bi)
          !;

          CLUSTER IS FAM;

          Missing are .;

  DEFINE:


  ANALYSIS:

          TYPE = COMPLEX;
          !ESTIMATOR = BAYES;
          ESTIMATOR=WLSMV;
          !BOOTSTRAP = 20000;
          !FBITERATIONS= 20000;
  MODEL:

          f1 BY PC34A* PC34B PC34C PC34D PC34E PC44A;
          f2 BY H1WP9* H1WP10 H1PF1 H1PF2 H1PF3 H1PF4 H1PF5;
          f3 BY H1WP13* H1WP14 H1PF23 H1PF24 H1PF25;
          f4 BY H1TO29* H1TO33 H1TO9 H1DS14;
          f5 BY H1ED19* H1ED20 H1ED22 H1ED23 H1ED24 H1PR2;
          !f6 BY H1DS2* H1DS12 H1FV8 H1DS6 H1DS9
          !H1DS10 H1DS13 H1DS11 H1FV7 H1DS7;
          !f7 BY H3DS1* H3DS5 H3DS18I H3DS17 H3DS2
          !H3DS3 H3DS6 H3DS4 H3DS18H H3HR23;
          !f8 BY H1TO15* H1TO17 H1TO5 H1TO32 H1TO36 H1TO42;
          !f9 BY H3TO38* H3TO40 H3TO7 H3TO110 H3TO113 H3TO119;
          !f10 BY PA61* PA62 PB22;
          !f11 BY PC10* PC11 PC12 PC17;
          !f12 BY H1WP1* H1WP2 H1WP3 H1WP4 H1WP5 H1WP6 H1WP7;
          !f13 BY H1WP17F* H1WP17G H1WP17H H1WP18F H1WP18G H1WP18H;

          [f1-f5@0];
          f1-f5@1;


  MODEL CONSTRAINT:

  OUTPUT: TECH1 TECH8;
  PLOT: TYPE = PLOT3;

  SAVEDATA:
  FILE IS withinfamrGE_factor_score_part1;

  SAVE = FSCORES;



*** WARNING in OUTPUT command
  TECH8 option is available only with analysis types MIXTURE, RANDOM, or
  TWOLEVEL with estimators ML, MLF, or MLR or ALGORITHM=INTEGRATION.
  Request for TECH8 is ignored.
*** WARNING
  Data set contains cases with missing on all variables.
  These cases were not included in the analysis.
  Number of cases with missing on all variables:  1
   2 WARNING(S) FOUND IN THE INPUT INSTRUCTIONS




Causal rGE on differential parenting;

SUMMARY OF ANALYSIS

Number of groups                                                 1
Number of observations                                        9973

Number of dependent variables                                   28
Number of independent variables                                  0
Number of continuous latent variables                            5

Observed dependent variables

  Binary and ordered categorical (ordinal)
   PC34A       PC34B       PC34C       PC34D       PC34E       PC44A
   H1WP9       H1WP10      H1PF1       H1PF2       H1PF3       H1PF4
   H1PF5       H1WP13      H1WP14      H1PF23      H1PF24      H1PF25
   H1TO29      H1TO33      H1TO9       H1DS14      H1ED19      H1ED20
   H1ED22      H1ED23      H1ED24      H1PR2

Continuous latent variables
   F1          F2          F3          F4          F5

Variables with special functions

  Cluster variable      FAM
  ID variable           AID

Estimator                                                    WLSMV
Maximum number of iterations                                  1000
Convergence criterion                                    0.500D-04
Maximum number of steepest descent iterations                   20
Maximum number of iterations for H1                           2000
Convergence criterion for H1                             0.100D-03
Parameterization                                             DELTA

Input data file(s)
  c:\Repo\data_local\withinfamrGE_addh_full_sample_for_fa.csv

Input data format  FREE


SUMMARY OF DATA

     Number of missing data patterns           176
     Number of clusters        8934



COVARIANCE COVERAGE OF DATA

Minimum covariance coverage value   0.100


     PROPORTION OF DATA PRESENT


           Covariance Coverage
              PC34A         PC34B         PC34C         PC34D         PC34E
              ________      ________      ________      ________      ________
 PC34A          0.875
 PC34B          0.873         0.873
 PC34C          0.869         0.868         0.869
 PC34D          0.872         0.871         0.867         0.873
 PC34E          0.872         0.871         0.867         0.870         0.872
 PC44A          0.869         0.867         0.863         0.867         0.866
 H1WP9          0.837         0.835         0.831         0.835         0.834
 H1WP10         0.836         0.835         0.831         0.834         0.834
 H1PF1          0.836         0.835         0.831         0.834         0.834
 H1PF2          0.835         0.834         0.830         0.834         0.833
 H1PF3          0.836         0.835         0.831         0.835         0.834
 H1PF4          0.836         0.835         0.831         0.835         0.834
 H1PF5          0.836         0.835         0.831         0.834         0.834
 H1WP13         0.628         0.627         0.624         0.627         0.627
 H1WP14         0.628         0.627         0.624         0.627         0.626
 H1PF23         0.627         0.627         0.624         0.626         0.626
 H1PF24         0.628         0.627         0.624         0.626         0.626
 H1PF25         0.628         0.627         0.624         0.626         0.626
 H1TO29         0.859         0.858         0.854         0.857         0.857
 H1TO33         0.860         0.859         0.855         0.858         0.858
 H1TO9          0.861         0.860         0.855         0.859         0.859
 H1DS14         0.870         0.868         0.864         0.868         0.867
 H1ED19         0.859         0.857         0.853         0.857         0.856
 H1ED20         0.859         0.857         0.853         0.857         0.856
 H1ED22         0.859         0.857         0.853         0.857         0.856
 H1ED23         0.859         0.857         0.853         0.857         0.856
 H1ED24         0.859         0.857         0.853         0.857         0.856
 H1PR2          0.868         0.866         0.862         0.866         0.865


           Covariance Coverage
              PC44A         H1WP9         H1WP10        H1PF1         H1PF2
              ________      ________      ________      ________      ________
 PC44A          0.870
 H1WP9          0.832         0.944
 H1WP10         0.832         0.943         0.944
 H1PF1          0.832         0.943         0.943         0.944
 H1PF2          0.831         0.943         0.942         0.943         0.943
 H1PF3          0.832         0.943         0.943         0.943         0.943
 H1PF4          0.832         0.943         0.943         0.943         0.943
 H1PF5          0.832         0.943         0.943         0.943         0.943
 H1WP13         0.626         0.670         0.670         0.670         0.669
 H1WP14         0.626         0.670         0.670         0.669         0.669
 H1PF23         0.626         0.669         0.669         0.669         0.669
 H1PF24         0.626         0.669         0.669         0.669         0.669
 H1PF25         0.626         0.669         0.669         0.669         0.669
 H1TO29         0.855         0.929         0.929         0.929         0.928
 H1TO33         0.856         0.930         0.929         0.929         0.929
 H1TO9          0.856         0.930         0.930         0.930         0.929
 H1DS14         0.865         0.940         0.939         0.939         0.939
 H1ED19         0.854         0.928         0.927         0.927         0.927
 H1ED20         0.855         0.928         0.928         0.928         0.927
 H1ED22         0.855         0.928         0.927         0.927         0.927
 H1ED23         0.855         0.928         0.928         0.928         0.927
 H1ED24         0.855         0.928         0.928         0.928         0.927
 H1PR2          0.863         0.937         0.937         0.937         0.936


           Covariance Coverage
              H1PF3         H1PF4         H1PF5         H1WP13        H1WP14
              ________      ________      ________      ________      ________
 H1PF3          0.944
 H1PF4          0.943         0.944
 H1PF5          0.943         0.944         0.944
 H1WP13         0.670         0.670         0.670         0.708
 H1WP14         0.669         0.669         0.669         0.708         0.708
 H1PF23         0.669         0.669         0.669         0.707         0.706
 H1PF24         0.669         0.669         0.669         0.707         0.706
 H1PF25         0.669         0.669         0.669         0.707         0.706
 H1TO29         0.929         0.929         0.929         0.697         0.697
 H1TO33         0.929         0.930         0.929         0.698         0.698
 H1TO9          0.930         0.930         0.930         0.698         0.698
 H1DS14         0.939         0.940         0.940         0.705         0.704
 H1ED19         0.927         0.927         0.927         0.696         0.696
 H1ED20         0.928         0.928         0.927         0.697         0.696
 H1ED22         0.927         0.927         0.927         0.697         0.696
 H1ED23         0.928         0.928         0.927         0.697         0.696
 H1ED24         0.928         0.928         0.927         0.697         0.696
 H1PR2          0.937         0.937         0.937         0.703         0.703


           Covariance Coverage
              H1PF23        H1PF24        H1PF25        H1TO29        H1TO33
              ________      ________      ________      ________      ________
 H1PF23         0.707
 H1PF24         0.707         0.707
 H1PF25         0.706         0.707         0.707
 H1TO29         0.697         0.697         0.696         0.982
 H1TO33         0.698         0.698         0.697         0.977         0.983
 H1TO9          0.698         0.698         0.698         0.976         0.976
 H1DS14         0.704         0.704         0.704         0.981         0.982
 H1ED19         0.696         0.695         0.695         0.964         0.965
 H1ED20         0.696         0.696         0.696         0.964         0.965
 H1ED22         0.696         0.696         0.696         0.964         0.965
 H1ED23         0.696         0.696         0.696         0.964         0.965
 H1ED24         0.696         0.696         0.696         0.964         0.965
 H1PR2          0.703         0.703         0.703         0.974         0.975


           Covariance Coverage
              H1TO9         H1DS14        H1ED19        H1ED20        H1ED22
              ________      ________      ________      ________      ________
 H1TO9          0.984
 H1DS14         0.982         0.994
 H1ED19         0.965         0.976         0.981
 H1ED20         0.965         0.976         0.981         0.981
 H1ED22         0.965         0.976         0.980         0.981         0.981
 H1ED23         0.965         0.976         0.980         0.981         0.981
 H1ED24         0.965         0.976         0.981         0.981         0.981
 H1PR2          0.976         0.986         0.974         0.974         0.974


           Covariance Coverage
              H1ED23        H1ED24        H1PR2
              ________      ________      ________
 H1ED23         0.981
 H1ED24         0.981         0.981
 H1PR2          0.974         0.974         0.990


UNIVARIATE PROPORTIONS AND COUNTS FOR CATEGORICAL VARIABLES

    PC34A
      Category 1    0.002           15.000
      Category 2    0.009           81.000
      Category 3    0.111          969.000
      Category 4    0.478         4167.000
      Category 5    0.400         3490.000
    PC34B
      Category 1    0.015          132.000
      Category 2    0.042          368.000
      Category 3    0.245         2134.000
      Category 4    0.433         3767.000
      Category 5    0.265         2307.000
    PC34C
      Category 1    0.042          363.000
      Category 2    0.073          635.000
      Category 3    0.375         3246.000
      Category 4    0.325         2815.000
      Category 5    0.185         1607.000
    PC34D
      Category 1    0.010           84.000
      Category 2    0.027          236.000
      Category 3    0.144         1256.000
      Category 4    0.302         2628.000
      Category 5    0.517         4499.000
    PC34E
      Category 1    0.013          109.000
      Category 2    0.019          162.000
      Category 3    0.108          937.000
      Category 4    0.235         2040.000
      Category 5    0.627         5450.000
    PC44A
      Category 1    0.019          163.000
      Category 2    0.050          438.000
      Category 3    0.042          364.000
      Category 4    0.405         3515.000
      Category 5    0.484         4197.000
    H1WP9
      Category 1    0.005           51.000
      Category 2    0.023          221.000
      Category 3    0.083          777.000
      Category 4    0.211         1990.000
      Category 5    0.677         6377.000
    H1WP10
      Category 1    0.002           22.000
      Category 2    0.007           69.000
      Category 3    0.020          185.000
      Category 4    0.074          701.000
      Category 5    0.896         8435.000
    H1PF1
      Category 1    0.010           96.000
      Category 2    0.028          261.000
      Category 3    0.061          573.000
      Category 4    0.392         3693.000
      Category 5    0.509         4788.000
    H1PF2
      Category 1    0.012          116.000
      Category 2    0.041          385.000
      Category 3    0.120         1126.000
      Category 4    0.414         3897.000
      Category 5    0.413         3881.000
    H1PF3
      Category 1    0.016          146.000
      Category 2    0.061          571.000
      Category 3    0.108         1013.000
      Category 4    0.450         4233.000
      Category 5    0.366         3449.000
    H1PF4
      Category 1    0.026          241.000
      Category 2    0.083          778.000
      Category 3    0.103          974.000
      Category 4    0.411         3866.000
      Category 5    0.377         3553.000
    H1PF5
      Category 1    0.017          157.000
      Category 2    0.043          403.000
      Category 3    0.061          577.000
      Category 4    0.385         3626.000
      Category 5    0.494         4648.000
    H1WP13
      Category 1    0.020          143.000
      Category 2    0.043          306.000
      Category 3    0.141          998.000
      Category 4    0.269         1900.000
      Category 5    0.526         3713.000
    H1WP14
      Category 1    0.005           32.000
      Category 2    0.015          108.000
      Category 3    0.038          271.000
      Category 4    0.120          844.000
      Category 5    0.822         5802.000
    H1PF23
      Category 1    0.021          147.000
      Category 2    0.047          334.000
      Category 3    0.114          806.000
      Category 4    0.423         2982.000
      Category 5    0.395         2782.000
    H1PF24
      Category 1    0.030          210.000
      Category 2    0.105          740.000
      Category 3    0.116          818.000
      Category 4    0.418         2946.000
      Category 5    0.331         2336.000
    H1PF25
      Category 1    0.023          164.000
      Category 2    0.071          499.000
      Category 3    0.091          639.000
      Category 4    0.422         2975.000
      Category 5    0.393         2772.000
    H1TO29
      Category 1    0.202         1982.000
      Category 2    0.148         1452.000
      Category 3    0.214         2100.000
      Category 4    0.435         4262.000
    H1TO33
      Category 1    0.096          943.000
      Category 2    0.085          837.000
      Category 3    0.159         1562.000
      Category 4    0.659         6461.000
    H1TO9
      Category 1    0.127         1245.000
      Category 2    0.120         1180.000
      Category 3    0.209         2047.000
      Category 4    0.544         5337.000
    H1DS14
      Category 1    0.021          207.000
      Category 2    0.025          247.000
      Category 3    0.150         1484.000
      Category 4    0.805         7977.000
    H1ED19
      Category 1    0.035          343.000
      Category 2    0.099          972.000
      Category 3    0.198         1940.000
      Category 4    0.464         4542.000
      Category 5    0.203         1982.000
    H1ED20
      Category 1    0.034          335.000
      Category 2    0.093          905.000
      Category 3    0.144         1407.000
      Category 4    0.466         4559.000
      Category 5    0.263         2576.000
    H1ED22
      Category 1    0.056          551.000
      Category 2    0.107         1043.000
      Category 3    0.177         1731.000
      Category 4    0.405         3963.000
      Category 5    0.255         2493.000
    H1ED23
      Category 1    0.044          430.000
      Category 2    0.159         1559.000
      Category 3    0.222         2171.000
      Category 4    0.413         4040.000
      Category 5    0.162         1582.000
    H1ED24
      Category 1    0.036          351.000
      Category 2    0.105         1032.000
      Category 3    0.178         1745.000
      Category 4    0.440         4307.000
      Category 5    0.240         2347.000
    H1PR2
      Category 1    0.033          324.000
      Category 2    0.096          945.000
      Category 3    0.349         3444.000
      Category 4    0.347         3426.000
      Category 5    0.176         1735.000



THE MODEL ESTIMATION TERMINATED NORMALLY



MODEL FIT INFORMATION

Number of Free Parameters                      146

Chi-Square Test of Model Fit

          Value                           6902.326*
          Degrees of Freedom                   340
          P-Value                           0.0000

*   The chi-square value for MLM, MLMV, MLR, ULSMV, WLSM and WLSMV cannot be used
    for chi-square difference testing in the regular way.  MLM, MLR and WLSM
    chi-square difference testing is described on the Mplus website.  MLMV, WLSMV,
    and ULSMV difference testing is done using the DIFFTEST option.

RMSEA (Root Mean Square Error Of Approximation)

          Estimate                           0.044
          90 Percent C.I.                    0.043  0.045
          Probability RMSEA <= .05           1.000

CFI/TLI

          CFI                                0.973
          TLI                                0.970

Chi-Square Test of Model Fit for the Baseline Model

          Value                         239766.375
          Degrees of Freedom                   378
          P-Value                           0.0000

WRMR (Weighted Root Mean Square Residual)

          Value                              3.638



MODEL RESULTS

                                                    Two-Tailed
                    Estimate       S.E.  Est./S.E.    P-Value

 F1       BY
    PC34A              0.750      0.008     88.314      0.000
    PC34B              0.625      0.010     62.230      0.000
    PC34C              0.477      0.011     42.186      0.000
    PC34D              0.716      0.010     74.370      0.000
    PC34E              0.372      0.015     25.475      0.000
    PC44A              0.739      0.010     76.090      0.000

 F2       BY
    H1WP9              0.808      0.006    136.579      0.000
    H1WP10             0.769      0.010     78.086      0.000
    H1PF1              0.789      0.006    141.579      0.000
    H1PF2              0.562      0.009     64.897      0.000
    H1PF3              0.695      0.007    104.326      0.000
    H1PF4              0.893      0.003    276.642      0.000
    H1PF5              0.940      0.003    326.373      0.000

 F3       BY
    H1WP13             0.842      0.005    163.859      0.000
    H1WP14             0.798      0.009     92.939      0.000
    H1PF23             0.849      0.005    187.632      0.000
    H1PF24             0.897      0.003    283.403      0.000
    H1PF25             0.942      0.003    324.602      0.000

 F4       BY
    H1TO29             0.790      0.009     89.328      0.000
    H1TO33             0.849      0.009     93.996      0.000
    H1TO9              0.751      0.009     80.017      0.000
    H1DS14             0.434      0.016     26.475      0.000

 F5       BY
    H1ED19             0.688      0.007     96.529      0.000
    H1ED20             0.799      0.006    127.378      0.000
    H1ED22             0.743      0.007    109.932      0.000
    H1ED23             0.587      0.009     67.045      0.000
    H1ED24             0.542      0.009     59.938      0.000
    H1PR2              0.588      0.009     64.356      0.000

 F2       WITH
    F1                 0.447      0.012     37.163      0.000

 F3       WITH
    F1                 0.319      0.016     20.533      0.000
    F2                 0.596      0.010     60.282      0.000

 F4       WITH
    F1                 0.314      0.014     22.459      0.000
    F2                 0.225      0.013     17.178      0.000
    F3                 0.263      0.015     17.671      0.000

 F5       WITH
    F1                 0.243      0.013     18.634      0.000
    F2                 0.357      0.011     32.481      0.000
    F3                 0.390      0.012     31.615      0.000
    F4                 0.323      0.012     27.048      0.000

 Means
    F1                 0.000      0.000    999.000    999.000
    F2                 0.000      0.000    999.000    999.000
    F3                 0.000      0.000    999.000    999.000
    F4                 0.000      0.000    999.000    999.000
    F5                 0.000      0.000    999.000    999.000

 Thresholds
    PC34A$1           -2.925      0.085    -34.244      0.000
    PC34A$2           -2.290      0.039    -58.277      0.000
    PC34A$3           -1.165      0.018    -65.570      0.000
    PC34A$4            0.253      0.014     17.941      0.000
    PC34B$1           -2.166      0.035    -61.888      0.000
    PC34B$2           -1.577      0.022    -70.434      0.000
    PC34B$3           -0.517      0.015    -35.037      0.000
    PC34B$4            0.628      0.015     41.384      0.000
    PC34C$1           -1.729      0.025    -69.809      0.000
    PC34C$2           -1.200      0.018    -65.857      0.000
    PC34C$3           -0.026      0.014     -1.851      0.064
    PC34C$4            0.895      0.016     54.787      0.000
    PC34D$1           -2.340      0.041    -57.066      0.000
    PC34D$2           -1.789      0.026    -69.621      0.000
    PC34D$3           -0.911      0.016    -56.408      0.000
    PC34D$4           -0.042      0.014     -3.037      0.002
    PC34E$1           -2.240      0.038    -58.881      0.000
    PC34E$2           -1.864      0.027    -68.242      0.000
    PC34E$3           -1.085      0.018    -61.865      0.000
    PC34E$4           -0.323      0.015    -22.173      0.000
    PC44A$1           -2.080      0.032    -65.585      0.000
    PC44A$2           -1.481      0.021    -70.723      0.000
    PC44A$3           -1.220      0.018    -66.867      0.000
    PC44A$4            0.041      0.014      2.919      0.004
    H1WP9$1           -2.548      0.049    -52.331      0.000
    H1WP9$2           -1.897      0.026    -71.851      0.000
    H1WP9$3           -1.219      0.017    -70.443      0.000
    H1WP9$4           -0.460      0.014    -33.724      0.000
    H1WP10$1          -2.829      0.068    -41.513      0.000
    H1WP10$2          -2.339      0.039    -60.093      0.000
    H1WP10$3          -1.891      0.026    -72.265      0.000
    H1WP10$4          -1.260      0.018    -71.248      0.000
    H1PF1$1           -2.319      0.038    -60.751      0.000
    H1PF1$2           -1.775      0.024    -74.201      0.000
    H1PF1$3           -1.288      0.018    -72.441      0.000
    H1PF1$4           -0.022      0.013     -1.674      0.094
    H1PF2$1           -2.247      0.036    -63.186      0.000
    H1PF2$2           -1.614      0.021    -75.416      0.000
    H1PF2$3           -0.942      0.015    -61.189      0.000
    H1PF2$4            0.221      0.013     16.647      0.000
    H1PF3$1           -2.157      0.033    -66.072      0.000
    H1PF3$2           -1.431      0.019    -74.260      0.000
    H1PF3$3           -0.901      0.015    -58.901      0.000
    H1PF3$4            0.341      0.013     25.506      0.000
    H1PF4$1           -1.950      0.027    -71.438      0.000
    H1PF4$2           -1.236      0.017    -71.749      0.000
    H1PF4$3           -0.800      0.015    -54.617      0.000
    H1PF4$4            0.312      0.013     23.451      0.000
    H1PF5$1           -2.128      0.032    -66.873      0.000
    H1PF5$2           -1.559      0.021    -75.373      0.000
    H1PF5$3           -1.171      0.017    -69.571      0.000
    H1PF5$4            0.015      0.013      1.164      0.244
    H1WP13$1          -2.049      0.034    -59.403      0.000
    H1WP13$2          -1.525      0.024    -64.339      0.000
    H1WP13$3          -0.824      0.017    -47.919      0.000
    H1WP13$4          -0.065      0.015     -4.297      0.000
    H1WP14$1          -2.609      0.060    -43.255      0.000
    H1WP14$2          -2.057      0.035    -58.439      0.000
    H1WP14$3          -1.570      0.025    -63.874      0.000
    H1WP14$4          -0.924      0.018    -51.625      0.000
    H1PF23$1          -2.037      0.034    -59.732      0.000
    H1PF23$2          -1.489      0.023    -63.766      0.000
    H1PF23$3          -0.906      0.018    -50.838      0.000
    H1PF23$4           0.267      0.015     17.404      0.000
    H1PF24$1          -1.884      0.030    -62.432      0.000
    H1PF24$2          -1.104      0.019    -57.699      0.000
    H1PF24$3          -0.672      0.017    -40.691      0.000
    H1PF24$4           0.436      0.016     27.828      0.000
    H1PF25$1          -1.991      0.033    -60.360      0.000
    H1PF25$2          -1.316      0.021    -62.432      0.000
    H1PF25$3          -0.898      0.018    -50.769      0.000
    H1PF25$4           0.271      0.015     17.594      0.000
    H1TO29$1          -0.833      0.015    -57.044      0.000
    H1TO29$2          -0.384      0.013    -29.024      0.000
    H1TO29$3           0.163      0.013     12.571      0.000
    H1TO33$1          -1.304      0.018    -74.026      0.000
    H1TO33$2          -0.909      0.015    -60.370      0.000
    H1TO33$3          -0.410      0.013    -30.587      0.000
    H1TO9$1           -1.141      0.017    -69.109      0.000
    H1TO9$2           -0.683      0.014    -48.509      0.000
    H1TO9$3           -0.111      0.013     -8.508      0.000
    H1DS14$1          -2.036      0.029    -70.703      0.000
    H1DS14$2          -1.687      0.022    -76.468      0.000
    H1DS14$3          -0.858      0.015    -58.570      0.000
    H1ED19$1          -1.811      0.024    -74.898      0.000
    H1ED19$2          -1.105      0.016    -68.484      0.000
    H1ED19$3          -0.432      0.013    -32.578      0.000
    H1ED19$4           0.832      0.015     57.329      0.000
    H1ED20$1          -1.822      0.025    -74.117      0.000
    H1ED20$2          -1.142      0.016    -69.614      0.000
    H1ED20$3          -0.611      0.014    -44.542      0.000
    H1ED20$4           0.633      0.014     45.866      0.000
    H1ED22$1          -1.586      0.021    -76.134      0.000
    H1ED22$2          -0.982      0.015    -63.585      0.000
    H1ED22$3          -0.413      0.013    -31.023      0.000
    H1ED22$4           0.659      0.014     47.383      0.000
    H1ED23$1          -1.706      0.022    -76.128      0.000
    H1ED23$2          -0.830      0.015    -57.024      0.000
    H1ED23$3          -0.188      0.013    -14.591      0.000
    H1ED23$4           0.987      0.015     64.477      0.000
    H1ED24$1          -1.801      0.024    -75.145      0.000
    H1ED24$2          -1.074      0.016    -67.289      0.000
    H1ED24$3          -0.468      0.013    -34.981      0.000
    H1ED24$4           0.707      0.014     50.396      0.000
    H1PR2$1           -1.841      0.025    -74.011      0.000
    H1PR2$2           -1.133      0.016    -69.359      0.000
    H1PR2$3           -0.057      0.013     -4.430      0.000
    H1PR2$4            0.932      0.015     62.072      0.000

 Variances
    F1                 1.000      0.000    999.000    999.000
    F2                 1.000      0.000    999.000    999.000
    F3                 1.000      0.000    999.000    999.000
    F4                 1.000      0.000    999.000    999.000
    F5                 1.000      0.000    999.000    999.000


R-SQUARE

    Observed                   Residual
    Variable        Estimate   Variance

    PC34A              0.563      0.437
    PC34B              0.391      0.609
    PC34C              0.227      0.773
    PC34D              0.512      0.488
    PC34E              0.138      0.862
    PC44A              0.546      0.454
    H1WP9              0.652      0.348
    H1WP10             0.591      0.409
    H1PF1              0.622      0.378
    H1PF2              0.316      0.684
    H1PF3              0.484      0.516
    H1PF4              0.797      0.203
    H1PF5              0.883      0.117
    H1WP13             0.710      0.290
    H1WP14             0.636      0.364
    H1PF23             0.721      0.279
    H1PF24             0.805      0.195
    H1PF25             0.887      0.113
    H1TO29             0.624      0.376
    H1TO33             0.720      0.280
    H1TO9              0.564      0.436
    H1DS14             0.188      0.812
    H1ED19             0.473      0.527
    H1ED20             0.638      0.362
    H1ED22             0.551      0.449
    H1ED23             0.345      0.655
    H1ED24             0.294      0.706
    H1PR2              0.346      0.654


QUALITY OF NUMERICAL RESULTS

     Condition Number for the Information Matrix              0.109E-02
       (ratio of smallest to largest eigenvalue)


TECHNICAL 1 OUTPUT


     PARAMETER SPECIFICATION


           TAU
              PC34A$1       PC34A$2       PC34A$3       PC34A$4       PC34B$1
              ________      ________      ________      ________      ________
      1           1             2             3             4             5


           TAU
              PC34B$2       PC34B$3       PC34B$4       PC34C$1       PC34C$2
              ________      ________      ________      ________      ________
      1           6             7             8             9            10


           TAU
              PC34C$3       PC34C$4       PC34D$1       PC34D$2       PC34D$3
              ________      ________      ________      ________      ________
      1          11            12            13            14            15


           TAU
              PC34D$4       PC34E$1       PC34E$2       PC34E$3       PC34E$4
              ________      ________      ________      ________      ________
      1          16            17            18            19            20


           TAU
              PC44A$1       PC44A$2       PC44A$3       PC44A$4       H1WP9$1
              ________      ________      ________      ________      ________
      1          21            22            23            24            25


           TAU
              H1WP9$2       H1WP9$3       H1WP9$4       H1WP10$1      H1WP10$2
              ________      ________      ________      ________      ________
      1          26            27            28            29            30


           TAU
              H1WP10$3      H1WP10$4      H1PF1$1       H1PF1$2       H1PF1$3
              ________      ________      ________      ________      ________
      1          31            32            33            34            35


           TAU
              H1PF1$4       H1PF2$1       H1PF2$2       H1PF2$3       H1PF2$4
              ________      ________      ________      ________      ________
      1          36            37            38            39            40


           TAU
              H1PF3$1       H1PF3$2       H1PF3$3       H1PF3$4       H1PF4$1
              ________      ________      ________      ________      ________
      1          41            42            43            44            45


           TAU
              H1PF4$2       H1PF4$3       H1PF4$4       H1PF5$1       H1PF5$2
              ________      ________      ________      ________      ________
      1          46            47            48            49            50


           TAU
              H1PF5$3       H1PF5$4       H1WP13$1      H1WP13$2      H1WP13$3
              ________      ________      ________      ________      ________
      1          51            52            53            54            55


           TAU
              H1WP13$4      H1WP14$1      H1WP14$2      H1WP14$3      H1WP14$4
              ________      ________      ________      ________      ________
      1          56            57            58            59            60


           TAU
              H1PF23$1      H1PF23$2      H1PF23$3      H1PF23$4      H1PF24$1
              ________      ________      ________      ________      ________
      1          61            62            63            64            65


           TAU
              H1PF24$2      H1PF24$3      H1PF24$4      H1PF25$1      H1PF25$2
              ________      ________      ________      ________      ________
      1          66            67            68            69            70


           TAU
              H1PF25$3      H1PF25$4      H1TO29$1      H1TO29$2      H1TO29$3
              ________      ________      ________      ________      ________
      1          71            72            73            74            75


           TAU
              H1TO33$1      H1TO33$2      H1TO33$3      H1TO9$1       H1TO9$2
              ________      ________      ________      ________      ________
      1          76            77            78            79            80


           TAU
              H1TO9$3       H1DS14$1      H1DS14$2      H1DS14$3      H1ED19$1
              ________      ________      ________      ________      ________
      1          81            82            83            84            85


           TAU
              H1ED19$2      H1ED19$3      H1ED19$4      H1ED20$1      H1ED20$2
              ________      ________      ________      ________      ________
      1          86            87            88            89            90


           TAU
              H1ED20$3      H1ED20$4      H1ED22$1      H1ED22$2      H1ED22$3
              ________      ________      ________      ________      ________
      1          91            92            93            94            95


           TAU
              H1ED22$4      H1ED23$1      H1ED23$2      H1ED23$3      H1ED23$4
              ________      ________      ________      ________      ________
      1          96            97            98            99           100


           TAU
              H1ED24$1      H1ED24$2      H1ED24$3      H1ED24$4      H1PR2$1
              ________      ________      ________      ________      ________
      1         101           102           103           104           105


           TAU
              H1PR2$2       H1PR2$3       H1PR2$4
              ________      ________      ________
      1         106           107           108


           NU
              PC34A         PC34B         PC34C         PC34D         PC34E
              ________      ________      ________      ________      ________
      1           0             0             0             0             0


           NU
              PC44A         H1WP9         H1WP10        H1PF1         H1PF2
              ________      ________      ________      ________      ________
      1           0             0             0             0             0


           NU
              H1PF3         H1PF4         H1PF5         H1WP13        H1WP14
              ________      ________      ________      ________      ________
      1           0             0             0             0             0


           NU
              H1PF23        H1PF24        H1PF25        H1TO29        H1TO33
              ________      ________      ________      ________      ________
      1           0             0             0             0             0


           NU
              H1TO9         H1DS14        H1ED19        H1ED20        H1ED22
              ________      ________      ________      ________      ________
      1           0             0             0             0             0


           NU
              H1ED23        H1ED24        H1PR2
              ________      ________      ________
      1           0             0             0


           LAMBDA
              F1            F2            F3            F4            F5
              ________      ________      ________      ________      ________
 PC34A            109             0             0             0             0
 PC34B            110             0             0             0             0
 PC34C            111             0             0             0             0
 PC34D            112             0             0             0             0
 PC34E            113             0             0             0             0
 PC44A            114             0             0             0             0
 H1WP9              0           115             0             0             0
 H1WP10             0           116             0             0             0
 H1PF1              0           117             0             0             0
 H1PF2              0           118             0             0             0
 H1PF3              0           119             0             0             0
 H1PF4              0           120             0             0             0
 H1PF5              0           121             0             0             0
 H1WP13             0             0           122             0             0
 H1WP14             0             0           123             0             0
 H1PF23             0             0           124             0             0
 H1PF24             0             0           125             0             0
 H1PF25             0             0           126             0             0
 H1TO29             0             0             0           127             0
 H1TO33             0             0             0           128             0
 H1TO9              0             0             0           129             0
 H1DS14             0             0             0           130             0
 H1ED19             0             0             0             0           131
 H1ED20             0             0             0             0           132
 H1ED22             0             0             0             0           133
 H1ED23             0             0             0             0           134
 H1ED24             0             0             0             0           135
 H1PR2              0             0             0             0           136


           ALPHA
              F1            F2            F3            F4            F5
              ________      ________      ________      ________      ________
      1           0             0             0             0             0


           BETA
              F1            F2            F3            F4            F5
              ________      ________      ________      ________      ________
 F1                 0             0             0             0             0
 F2                 0             0             0             0             0
 F3                 0             0             0             0             0
 F4                 0             0             0             0             0
 F5                 0             0             0             0             0


           PSI
              F1            F2            F3            F4            F5
              ________      ________      ________      ________      ________
 F1                 0
 F2               137             0
 F3               138           139             0
 F4               140           141           142             0
 F5               143           144           145           146             0


     STARTING VALUES


           TAU
              PC34A$1       PC34A$2       PC34A$3       PC34A$4       PC34B$1
              ________      ________      ________      ________      ________
      1        -2.925        -2.290        -1.165         0.253        -2.166


           TAU
              PC34B$2       PC34B$3       PC34B$4       PC34C$1       PC34C$2
              ________      ________      ________      ________      ________
      1        -1.577        -0.517         0.628        -1.729        -1.200


           TAU
              PC34C$3       PC34C$4       PC34D$1       PC34D$2       PC34D$3
              ________      ________      ________      ________      ________
      1        -0.026         0.895        -2.340        -1.789        -0.911


           TAU
              PC34D$4       PC34E$1       PC34E$2       PC34E$3       PC34E$4
              ________      ________      ________      ________      ________
      1        -0.042        -2.240        -1.864        -1.085        -0.323


           TAU
              PC44A$1       PC44A$2       PC44A$3       PC44A$4       H1WP9$1
              ________      ________      ________      ________      ________
      1        -2.080        -1.481        -1.220         0.041        -2.548


           TAU
              H1WP9$2       H1WP9$3       H1WP9$4       H1WP10$1      H1WP10$2
              ________      ________      ________      ________      ________
      1        -1.897        -1.219        -0.460        -2.829        -2.339


           TAU
              H1WP10$3      H1WP10$4      H1PF1$1       H1PF1$2       H1PF1$3
              ________      ________      ________      ________      ________
      1        -1.891        -1.260        -2.319        -1.775        -1.288


           TAU
              H1PF1$4       H1PF2$1       H1PF2$2       H1PF2$3       H1PF2$4
              ________      ________      ________      ________      ________
      1        -0.022        -2.247        -1.614        -0.942         0.221


           TAU
              H1PF3$1       H1PF3$2       H1PF3$3       H1PF3$4       H1PF4$1
              ________      ________      ________      ________      ________
      1        -2.157        -1.431        -0.901         0.341        -1.950


           TAU
              H1PF4$2       H1PF4$3       H1PF4$4       H1PF5$1       H1PF5$2
              ________      ________      ________      ________      ________
      1        -1.236        -0.800         0.312        -2.128        -1.559


           TAU
              H1PF5$3       H1PF5$4       H1WP13$1      H1WP13$2      H1WP13$3
              ________      ________      ________      ________      ________
      1        -1.171         0.015        -2.049        -1.525        -0.824


           TAU
              H1WP13$4      H1WP14$1      H1WP14$2      H1WP14$3      H1WP14$4
              ________      ________      ________      ________      ________
      1        -0.065        -2.609        -2.057        -1.570        -0.924


           TAU
              H1PF23$1      H1PF23$2      H1PF23$3      H1PF23$4      H1PF24$1
              ________      ________      ________      ________      ________
      1        -2.037        -1.489        -0.906         0.267        -1.884


           TAU
              H1PF24$2      H1PF24$3      H1PF24$4      H1PF25$1      H1PF25$2
              ________      ________      ________      ________      ________
      1        -1.104        -0.672         0.436        -1.991        -1.316


           TAU
              H1PF25$3      H1PF25$4      H1TO29$1      H1TO29$2      H1TO29$3
              ________      ________      ________      ________      ________
      1        -0.898         0.271        -0.833        -0.384         0.163


           TAU
              H1TO33$1      H1TO33$2      H1TO33$3      H1TO9$1       H1TO9$2
              ________      ________      ________      ________      ________
      1        -1.304        -0.909        -0.410        -1.141        -0.683


           TAU
              H1TO9$3       H1DS14$1      H1DS14$2      H1DS14$3      H1ED19$1
              ________      ________      ________      ________      ________
      1        -0.111        -2.036        -1.687        -0.858        -1.811


           TAU
              H1ED19$2      H1ED19$3      H1ED19$4      H1ED20$1      H1ED20$2
              ________      ________      ________      ________      ________
      1        -1.105        -0.432         0.832        -1.822        -1.142


           TAU
              H1ED20$3      H1ED20$4      H1ED22$1      H1ED22$2      H1ED22$3
              ________      ________      ________      ________      ________
      1        -0.611         0.633        -1.586        -0.982        -0.413


           TAU
              H1ED22$4      H1ED23$1      H1ED23$2      H1ED23$3      H1ED23$4
              ________      ________      ________      ________      ________
      1         0.659        -1.706        -0.830        -0.188         0.987


           TAU
              H1ED24$1      H1ED24$2      H1ED24$3      H1ED24$4      H1PR2$1
              ________      ________      ________      ________      ________
      1        -1.801        -1.074        -0.468         0.707        -1.841


           TAU
              H1PR2$2       H1PR2$3       H1PR2$4
              ________      ________      ________
      1        -1.133        -0.057         0.932


           NU
              PC34A         PC34B         PC34C         PC34D         PC34E
              ________      ________      ________      ________      ________
      1         0.000         0.000         0.000         0.000         0.000


           NU
              PC44A         H1WP9         H1WP10        H1PF1         H1PF2
              ________      ________      ________      ________      ________
      1         0.000         0.000         0.000         0.000         0.000


           NU
              H1PF3         H1PF4         H1PF5         H1WP13        H1WP14
              ________      ________      ________      ________      ________
      1         0.000         0.000         0.000         0.000         0.000


           NU
              H1PF23        H1PF24        H1PF25        H1TO29        H1TO33
              ________      ________      ________      ________      ________
      1         0.000         0.000         0.000         0.000         0.000


           NU
              H1TO9         H1DS14        H1ED19        H1ED20        H1ED22
              ________      ________      ________      ________      ________
      1         0.000         0.000         0.000         0.000         0.000


           NU
              H1ED23        H1ED24        H1PR2
              ________      ________      ________
      1         0.000         0.000         0.000


           LAMBDA
              F1            F2            F3            F4            F5
              ________      ________      ________      ________      ________
 PC34A          1.000         0.000         0.000         0.000         0.000
 PC34B          1.000         0.000         0.000         0.000         0.000
 PC34C          1.000         0.000         0.000         0.000         0.000
 PC34D          1.000         0.000         0.000         0.000         0.000
 PC34E          1.000         0.000         0.000         0.000         0.000
 PC44A          1.000         0.000         0.000         0.000         0.000
 H1WP9          0.000         1.000         0.000         0.000         0.000
 H1WP10         0.000         1.000         0.000         0.000         0.000
 H1PF1          0.000         1.000         0.000         0.000         0.000
 H1PF2          0.000         1.000         0.000         0.000         0.000
 H1PF3          0.000         1.000         0.000         0.000         0.000
 H1PF4          0.000         1.000         0.000         0.000         0.000
 H1PF5          0.000         1.000         0.000         0.000         0.000
 H1WP13         0.000         0.000         1.000         0.000         0.000
 H1WP14         0.000         0.000         1.000         0.000         0.000
 H1PF23         0.000         0.000         1.000         0.000         0.000
 H1PF24         0.000         0.000         1.000         0.000         0.000
 H1PF25         0.000         0.000         1.000         0.000         0.000
 H1TO29         0.000         0.000         0.000         1.000         0.000
 H1TO33         0.000         0.000         0.000         1.000         0.000
 H1TO9          0.000         0.000         0.000         1.000         0.000
 H1DS14         0.000         0.000         0.000         1.000         0.000
 H1ED19         0.000         0.000         0.000         0.000         1.000
 H1ED20         0.000         0.000         0.000         0.000         1.000
 H1ED22         0.000         0.000         0.000         0.000         1.000
 H1ED23         0.000         0.000         0.000         0.000         1.000
 H1ED24         0.000         0.000         0.000         0.000         1.000
 H1PR2          0.000         0.000         0.000         0.000         1.000


           ALPHA
              F1            F2            F3            F4            F5
              ________      ________      ________      ________      ________
      1         0.000         0.000         0.000         0.000         0.000


           BETA
              F1            F2            F3            F4            F5
              ________      ________      ________      ________      ________
 F1             0.000         0.000         0.000         0.000         0.000
 F2             0.000         0.000         0.000         0.000         0.000
 F3             0.000         0.000         0.000         0.000         0.000
 F4             0.000         0.000         0.000         0.000         0.000
 F5             0.000         0.000         0.000         0.000         0.000


           PSI
              F1            F2            F3            F4            F5
              ________      ________      ________      ________      ________
 F1             1.000
 F2             0.000         1.000
 F3             0.000         0.000         1.000
 F4             0.000         0.000         0.000         1.000
 F5             0.000         0.000         0.000         0.000         1.000


SAMPLE STATISTICS FOR ESTIMATED FACTOR SCORES


     SAMPLE STATISTICS


           Means
              F1            F2            F3            F4            F5
              ________      ________      ________      ________      ________
 1             -0.033        -0.047        -0.052        -0.046        -0.016


           Covariances
              F1            F2            F3            F4            F5
              ________      ________      ________      ________      ________
 F1             0.648
 F2             0.378         0.758
 F3             0.269         0.493         0.651
 F4             0.253         0.199         0.219         0.634
 F5             0.220         0.319         0.338         0.275         0.772


           Correlations
              F1            F2            F3            F4            F5
              ________      ________      ________      ________      ________
 F1             1.000
 F2             0.539         1.000
 F3             0.414         0.703         1.000
 F4             0.394         0.287         0.342         1.000
 F5             0.311         0.417         0.477         0.393         1.000


PLOT INFORMATION

The following plots are available:

  Histograms (sample values, estimated factor scores, estimated values, residuals)
  Scatterplots (sample values, estimated factor scores, estimated values, residuals)
  Sample proportions and estimated probabilities
  Item characteristic curves
  Information curves
  Latent variable distribution plots

SAVEDATA INFORMATION


  Save file
    withinfamrGE_factor_score_part1

  Order and format of variables

    PC34A          F10.3
    PC34B          F10.3
    PC34C          F10.3
    PC34D          F10.3
    PC34E          F10.3
    PC44A          F10.3
    H1WP9          F10.3
    H1WP10         F10.3
    H1PF1          F10.3
    H1PF2          F10.3
    H1PF3          F10.3
    H1PF4          F10.3
    H1PF5          F10.3
    H1WP13         F10.3
    H1WP14         F10.3
    H1PF23         F10.3
    H1PF24         F10.3
    H1PF25         F10.3
    H1TO29         F10.3
    H1TO33         F10.3
    H1TO9          F10.3
    H1DS14         F10.3
    H1ED19         F10.3
    H1ED20         F10.3
    H1ED22         F10.3
    H1ED23         F10.3
    H1ED24         F10.3
    H1PR2          F10.3
    AID            I9
    F1             F10.3
    F2             F10.3
    F3             F10.3
    F4             F10.3
    F5             F10.3
    FAM            I9

  Save file format
    28F10.3 I9 5F10.3 I9

  Save file record length    10000


DIAGRAM INFORMATION

  Use View Diagram under the Diagram menu in the Mplus Editor to view the diagram.
  If running Mplus from the Mplus Diagrammer, the diagram opens automatically.

  Diagram output
    c:\repo\2024_within_fam_rge\analysis\factor_score_par_rel_parent_part_1.dgm

     Beginning Time:  16:29:03
        Ending Time:  16:29:12
       Elapsed Time:  00:00:09



MUTHEN & MUTHEN
3463 Stoner Ave.
Los Angeles, CA  90066

Tel: (310) 391-9971
Fax: (310) 391-8971
Web: www.StatModel.com
Support: Support@StatModel.com

Copyright (c) 1998-2015 Muthen & Muthen
