Mplus VERSION 7.4
MUTHEN & MUTHEN
04/06/2025   2:05 PM

INPUT INSTRUCTIONS

  TITLE:
          Causal rGE on differential parenting;

  DATA:
          FILE IS "c:\Repo\data_local\withinfamrGE_addh_full_sample_for_fa.csv";

  VARIABLE:
          Names are AID FAM sex age_1 age_3
          white african native asian other hispanic
          income par_ed
          PC34A PC34B PC34C PC34D PC34E PC44A
          H1WP9 H1WP10 H1PF1 H1PF2 H1PF3 H1PF4 H1PF5
          H1WP13 H1WP14 H1PF23 H1PF24 H1PF25
          H1TO29 H1TO33 H1TO9 H1DS14
          H1ED19 H1ED20 H1ED22 H1ED23 H1ED24 H1PR2
          H1DS2 H1DS12 H1FV8 H1DS6 H1DS9
          H1DS10 H1DS13 H1DS11 H1FV7 H1DS7
          H3DS1 H3DS5 H3DS18I H3DS17 H3DS2
          H3DS3 H3DS6 H3DS4 H3DS18H H3HR23
          H1TO15 H1TO17 H1TO5 H1TO32 H1TO36 H1TO42
          H3TO38 H3TO40 H3TO7 H3TO110 H3TO113 H3TO119
          H3RA1 H3RA2 H3RA3 H3RA4 H3RA5 H3RA6 H3RA7 H3RA8
          H3RA9 H3RA10 H3RA11 H3RA12 H3RA13 H3RA14 H3RA15
          H3RA16 H3RA17
          par_age par_sex par_marry
          PA61 PA62 PB22
          PC10 PC11 PC12 PC17
          PC32
          H1WP1 H1WP2 H1WP3 H1WP4 H1WP5 H1WP6 H1WP7
          H1WP17F H1WP17G H1WP17H H1WP18F H1WP18G H1WP18H;


          usevariables are FAM
          !PC34A PC34B PC34C PC34D PC34E PC44A
          H1WP9 H1WP10 H1PF1 H1PF4 H1PF5
          H1WP13 H1WP14 H1PF23 H1PF24 H1PF25
          !H1TO29 H1TO33 H1TO9 H1DS14
          !H1ED19 H1ED20 H1ED22 H1ED23 H1ED24 H1PR2

          !H1DS2 H1DS12 H1FV8 H1DS6 H1DS9
          !H1DS10 H1DS13 H1DS11 H1FV7 H1DS7
          !H3DS1 H3DS5 H3DS18I H3DS17 H3DS2
          !H3DS3 H3DS6 H3DS4 H3DS18H H3HR23
          !H1TO15 H1TO17 H1TO5 H1TO32 H1TO36 H1TO42
          !H3TO38 H3TO40 H3TO7 H3TO110 H3TO113 H3TO119
          !PA61 PA62 PB22
          !PC10 PC11 PC12 PC17
          !H1WP1 H1WP2 H1WP3 H1WP4 H1WP5 H1WP6 H1WP7
          !H1WP17F H1WP17G H1WP17H H1WP18F H1WP18G H1WP18H
          ;

          IDVARIABLE = AID;

          CATEGORICAL ARE
          !PC34A PC34B PC34C PC34D PC34E PC44A
          H1WP9 H1WP10 H1PF1 H1PF4 H1PF5
          H1WP13 H1WP14 H1PF23 H1PF24 H1PF25
          !H1TO29 H1TO33 H1TO9 H1DS14
          !H1ED19 H1ED20 H1ED22 H1ED23 H1ED24 H1PR2

          !H1DS2 H1DS12 H1FV8 H1DS6 H1DS9
          !H1DS10 H1DS13 H1DS11 H1FV7 H1DS7
          !H3DS1 H3DS5 H3DS18I H3DS17 H3DS2
          !H3DS3 H3DS6 H3DS4 H3DS18H H3HR23
          !PC10 PC11 PC12 PC17
          !H1WP1 H1WP2 H1WP3 H1WP4 H1WP5 H1WP6 H1WP7
          !H1WP17F H1WP17G H1WP17H H1WP18F H1WP18G H1WP18H
          ;

          !CENSORED ARE
          !H1TO15 (bi) H1TO17 (bi) H1TO5 (bi) H1TO32 (bi)
          !H1TO36 (bi) H1TO42 (bi) H3TO38 (bi) H3TO40 (bi)
          !H3TO7 (bi) H3TO110 (bi) H3TO113 (bi) H3TO119 (bi)
          !PA61 (bi) PA62 (bi) PB22 (bi)
          !;

          CLUSTER IS FAM;

          Missing are .;

  DEFINE:


  ANALYSIS:

          TYPE = COMPLEX;
          !ESTIMATOR = BAYES;
          ESTIMATOR=WLSMV;
          !BOOTSTRAP = 20000;
          !FBITERATIONS= 20000;
  MODEL:

          !f1 BY PC34A* PC34B PC34C PC34D PC34E PC44A;
          f2 BY H1WP9* H1WP10 H1PF1 H1PF4 H1PF5;
          f3 BY H1WP13* H1WP14 H1PF23 H1PF24 H1PF25;
          !f4 BY H1TO29* H1TO33 H1TO9 H1DS14;
          !f5 BY H1ED19* H1ED20 H1ED22 H1ED23 H1ED24 H1PR2;

          !f6 BY H1DS2* H1DS12 H1FV8 H1DS6 H1DS9
          !H1DS10 H1DS13 H1DS11 H1FV7 H1DS7;
          !f7 BY H3DS1* H3DS5 H3DS18I H3DS17 H3DS2
          !H3DS3 H3DS6 H3DS4 H3DS18H H3HR23;
          !f8 BY H1TO15* H1TO17 H1TO5 H1TO32 H1TO36 H1TO42;
          !f9 BY H3TO38* H3TO40 H3TO7 H3TO110 H3TO113 H3TO119;
          !f10 BY PA61* PA62 PB22;
          !f11 BY PC10* PC11 PC12 PC17;
          !f12 BY H1WP1* H1WP2 H1WP3 H1WP4 H1WP5 H1WP6 H1WP7;
          !f13 BY H1WP17F* H1WP17G H1WP17H H1WP18F H1WP18G H1WP18H;

          [f2-f3 @0];
          f2-f3 @1;
          f2 WITH f3;

          H1WP9 H1WP10 PWITH H1WP13 H1WP14;
          H1PF1 H1PF4 H1PF5 PWITH H1PF23 H1PF24 H1PF25;


  MODEL CONSTRAINT:

  OUTPUT: TECH1 TECH8;
  PLOT: TYPE = PLOT3;

  SAVEDATA:
  FILE IS withinfamrGE_factor_score_par_rel_child;

  SAVE = FSCORES;



*** WARNING in OUTPUT command
  TECH8 option is available only with analysis types MIXTURE, RANDOM, or
  TWOLEVEL with estimators ML, MLF, or MLR or ALGORITHM=INTEGRATION.
  Request for TECH8 is ignored.
*** WARNING
  Data set contains cases with missing on all variables.
  These cases were not included in the analysis.
  Number of cases with missing on all variables:  178
   2 WARNING(S) FOUND IN THE INPUT INSTRUCTIONS




Causal rGE on differential parenting;

SUMMARY OF ANALYSIS

Number of groups                                                 1
Number of observations                                        9796

Number of dependent variables                                   10
Number of independent variables                                  0
Number of continuous latent variables                            2

Observed dependent variables

  Binary and ordered categorical (ordinal)
   H1WP9       H1WP10      H1PF1       H1PF4       H1PF5       H1WP13
   H1WP14      H1PF23      H1PF24      H1PF25

Continuous latent variables
   F2          F3

Variables with special functions

  Cluster variable      FAM
  ID variable           AID

Estimator                                                    WLSMV
Maximum number of iterations                                  1000
Convergence criterion                                    0.500D-04
Maximum number of steepest descent iterations                   20
Maximum number of iterations for H1                           2000
Convergence criterion for H1                             0.100D-03
Parameterization                                             DELTA

Input data file(s)
  c:\Repo\data_local\withinfamrGE_addh_full_sample_for_fa.csv

Input data format  FREE


SUMMARY OF DATA

     Number of missing data patterns            29
     Number of clusters        8778



COVARIANCE COVERAGE OF DATA

Minimum covariance coverage value   0.100


     PROPORTION OF DATA PRESENT


           Covariance Coverage
              H1WP9         H1WP10        H1PF1         H1PF4         H1PF5
              ________      ________      ________      ________      ________
 H1WP9          0.961
 H1WP10         0.960         0.961
 H1PF1          0.960         0.960         0.961
 H1PF4          0.960         0.960         0.960         0.961
 H1PF5          0.960         0.960         0.960         0.961         0.961
 H1WP13         0.682         0.682         0.682         0.682         0.682
 H1WP14         0.682         0.682         0.681         0.682         0.681
 H1PF23         0.681         0.681         0.681         0.681         0.681
 H1PF24         0.681         0.681         0.681         0.681         0.681
 H1PF25         0.681         0.681         0.681         0.681         0.681


           Covariance Coverage
              H1WP13        H1WP14        H1PF23        H1PF24        H1PF25
              ________      ________      ________      ________      ________
 H1WP13         0.721
 H1WP14         0.720         0.720
 H1PF23         0.719         0.719         0.720
 H1PF24         0.719         0.719         0.719         0.720
 H1PF25         0.719         0.719         0.719         0.719         0.720


UNIVARIATE PROPORTIONS AND COUNTS FOR CATEGORICAL VARIABLES

    H1WP9
      Category 1    0.005           51.000
      Category 2    0.023          221.000
      Category 3    0.083          777.000
      Category 4    0.211         1990.000
      Category 5    0.677         6377.000
    H1WP10
      Category 1    0.002           22.000
      Category 2    0.007           69.000
      Category 3    0.020          185.000
      Category 4    0.074          701.000
      Category 5    0.896         8435.000
    H1PF1
      Category 1    0.010           96.000
      Category 2    0.028          261.000
      Category 3    0.061          573.000
      Category 4    0.392         3693.000
      Category 5    0.509         4788.000
    H1PF4
      Category 1    0.026          241.000
      Category 2    0.083          778.000
      Category 3    0.103          974.000
      Category 4    0.411         3866.000
      Category 5    0.377         3553.000
    H1PF5
      Category 1    0.017          157.000
      Category 2    0.043          403.000
      Category 3    0.061          577.000
      Category 4    0.385         3626.000
      Category 5    0.494         4648.000
    H1WP13
      Category 1    0.020          143.000
      Category 2    0.043          306.000
      Category 3    0.141          998.000
      Category 4    0.269         1900.000
      Category 5    0.526         3713.000
    H1WP14
      Category 1    0.005           32.000
      Category 2    0.015          108.000
      Category 3    0.038          271.000
      Category 4    0.120          844.000
      Category 5    0.822         5802.000
    H1PF23
      Category 1    0.021          147.000
      Category 2    0.047          334.000
      Category 3    0.114          806.000
      Category 4    0.423         2982.000
      Category 5    0.395         2782.000
    H1PF24
      Category 1    0.030          210.000
      Category 2    0.105          740.000
      Category 3    0.116          818.000
      Category 4    0.418         2946.000
      Category 5    0.331         2336.000
    H1PF25
      Category 1    0.023          164.000
      Category 2    0.071          499.000
      Category 3    0.091          639.000
      Category 4    0.422         2975.000
      Category 5    0.393         2772.000



THE MODEL ESTIMATION TERMINATED NORMALLY

     THE MODEL CONTAINS A NON-ZERO CORRELATION BETWEEN DEPENDENT VARIABLES.
     SUCH CORRELATIONS ARE IGNORED IN THE COMPUTATION OF THE FACTOR SCORES.



MODEL FIT INFORMATION

Number of Free Parameters                       56

Chi-Square Test of Model Fit

          Value                           1940.087*
          Degrees of Freedom                    29
          P-Value                           0.0000

*   The chi-square value for MLM, MLMV, MLR, ULSMV, WLSM and WLSMV cannot be used
    for chi-square difference testing in the regular way.  MLM, MLR and WLSM
    chi-square difference testing is described on the Mplus website.  MLMV, WLSMV,
    and ULSMV difference testing is done using the DIFFTEST option.

RMSEA (Root Mean Square Error Of Approximation)

          Estimate                           0.082
          90 Percent C.I.                    0.079  0.085
          Probability RMSEA <= .05           0.000

CFI/TLI

          CFI                                0.988
          TLI                                0.981

Chi-Square Test of Model Fit for the Baseline Model

          Value                         153397.742
          Degrees of Freedom                    45
          P-Value                           0.0000

WRMR (Weighted Root Mean Square Residual)

          Value                              4.001



MODEL RESULTS

                                                    Two-Tailed
                    Estimate       S.E.  Est./S.E.    P-Value

 F2       BY
    H1WP9              0.798      0.006    138.195      0.000
    H1WP10             0.764      0.009     80.532      0.000
    H1PF1              0.765      0.006    135.983      0.000
    H1PF4              0.897      0.003    274.952      0.000
    H1PF5              0.952      0.003    328.698      0.000

 F3       BY
    H1WP13             0.831      0.005    163.575      0.000
    H1WP14             0.792      0.008     94.512      0.000
    H1PF23             0.840      0.004    187.587      0.000
    H1PF24             0.904      0.003    299.706      0.000
    H1PF25             0.947      0.003    346.503      0.000

 F2       WITH
    F3                 0.550      0.011     50.896      0.000

 H1WP9    WITH
    H1WP13             0.239      0.008     31.137      0.000

 H1WP10   WITH
    H1WP14             0.318      0.013     23.974      0.000

 H1PF1    WITH
    H1PF23             0.159      0.007     21.256      0.000

 H1PF4    WITH
    H1PF24             0.036      0.006      5.683      0.000

 H1PF5    WITH
    H1PF25             0.042      0.006      7.097      0.000

 Means
    F2                 0.000      0.000    999.000    999.000
    F3                 0.000      0.000    999.000    999.000

 Thresholds
    H1WP9$1           -2.548      0.049    -52.331      0.000
    H1WP9$2           -1.897      0.026    -71.851      0.000
    H1WP9$3           -1.219      0.017    -70.443      0.000
    H1WP9$4           -0.460      0.014    -33.724      0.000
    H1WP10$1          -2.829      0.068    -41.513      0.000
    H1WP10$2          -2.339      0.039    -60.093      0.000
    H1WP10$3          -1.891      0.026    -72.264      0.000
    H1WP10$4          -1.260      0.018    -71.248      0.000
    H1PF1$1           -2.319      0.038    -60.751      0.000
    H1PF1$2           -1.775      0.024    -74.201      0.000
    H1PF1$3           -1.288      0.018    -72.441      0.000
    H1PF1$4           -0.022      0.013     -1.674      0.094
    H1PF4$1           -1.950      0.027    -71.438      0.000
    H1PF4$2           -1.236      0.017    -71.749      0.000
    H1PF4$3           -0.800      0.015    -54.617      0.000
    H1PF4$4            0.312      0.013     23.451      0.000
    H1PF5$1           -2.128      0.032    -66.873      0.000
    H1PF5$2           -1.559      0.021    -75.372      0.000
    H1PF5$3           -1.171      0.017    -69.571      0.000
    H1PF5$4            0.015      0.013      1.164      0.244
    H1WP13$1          -2.049      0.034    -59.403      0.000
    H1WP13$2          -1.525      0.024    -64.339      0.000
    H1WP13$3          -0.824      0.017    -47.918      0.000
    H1WP13$4          -0.065      0.015     -4.297      0.000
    H1WP14$1          -2.609      0.060    -43.255      0.000
    H1WP14$2          -2.057      0.035    -58.438      0.000
    H1WP14$3          -1.570      0.025    -63.874      0.000
    H1WP14$4          -0.924      0.018    -51.625      0.000
    H1PF23$1          -2.037      0.034    -59.732      0.000
    H1PF23$2          -1.489      0.023    -63.766      0.000
    H1PF23$3          -0.906      0.018    -50.838      0.000
    H1PF23$4           0.267      0.015     17.404      0.000
    H1PF24$1          -1.884      0.030    -62.432      0.000
    H1PF24$2          -1.104      0.019    -57.699      0.000
    H1PF24$3          -0.672      0.017    -40.691      0.000
    H1PF24$4           0.436      0.016     27.828      0.000
    H1PF25$1          -1.991      0.033    -60.360      0.000
    H1PF25$2          -1.316      0.021    -62.432      0.000
    H1PF25$3          -0.898      0.018    -50.768      0.000
    H1PF25$4           0.271      0.015     17.594      0.000

 Variances
    F2                 1.000      0.000    999.000    999.000
    F3                 1.000      0.000    999.000    999.000


R-SQUARE

    Observed                   Residual
    Variable        Estimate   Variance

    H1WP9              0.637      0.363
    H1WP10             0.584      0.416
    H1PF1              0.585      0.415
    H1PF4              0.805      0.195
    H1PF5              0.906      0.094
    H1WP13             0.690      0.310
    H1WP14             0.627      0.373
    H1PF23             0.705      0.295
    H1PF24             0.818      0.182
    H1PF25             0.897      0.103


QUALITY OF NUMERICAL RESULTS

     Condition Number for the Information Matrix              0.177E-02
       (ratio of smallest to largest eigenvalue)


TECHNICAL 1 OUTPUT


     PARAMETER SPECIFICATION


           TAU
              H1WP9$1       H1WP9$2       H1WP9$3       H1WP9$4       H1WP10$1
              ________      ________      ________      ________      ________
      1           1             2             3             4             5


           TAU
              H1WP10$2      H1WP10$3      H1WP10$4      H1PF1$1       H1PF1$2
              ________      ________      ________      ________      ________
      1           6             7             8             9            10


           TAU
              H1PF1$3       H1PF1$4       H1PF4$1       H1PF4$2       H1PF4$3
              ________      ________      ________      ________      ________
      1          11            12            13            14            15


           TAU
              H1PF4$4       H1PF5$1       H1PF5$2       H1PF5$3       H1PF5$4
              ________      ________      ________      ________      ________
      1          16            17            18            19            20


           TAU
              H1WP13$1      H1WP13$2      H1WP13$3      H1WP13$4      H1WP14$1
              ________      ________      ________      ________      ________
      1          21            22            23            24            25


           TAU
              H1WP14$2      H1WP14$3      H1WP14$4      H1PF23$1      H1PF23$2
              ________      ________      ________      ________      ________
      1          26            27            28            29            30


           TAU
              H1PF23$3      H1PF23$4      H1PF24$1      H1PF24$2      H1PF24$3
              ________      ________      ________      ________      ________
      1          31            32            33            34            35


           TAU
              H1PF24$4      H1PF25$1      H1PF25$2      H1PF25$3      H1PF25$4
              ________      ________      ________      ________      ________
      1          36            37            38            39            40


           NU
              H1WP9         H1WP10        H1PF1         H1PF4         H1PF5
              ________      ________      ________      ________      ________
      1           0             0             0             0             0


           NU
              H1WP13        H1WP14        H1PF23        H1PF24        H1PF25
              ________      ________      ________      ________      ________
      1           0             0             0             0             0


           LAMBDA
              F2            F3
              ________      ________
 H1WP9             41             0
 H1WP10            42             0
 H1PF1             43             0
 H1PF4             44             0
 H1PF5             45             0
 H1WP13             0            46
 H1WP14             0            47
 H1PF23             0            48
 H1PF24             0            49
 H1PF25             0            50


           THETA
              H1WP9         H1WP10        H1PF1         H1PF4         H1PF5
              ________      ________      ________      ________      ________
 H1WP9              0
 H1WP10             0             0
 H1PF1              0             0             0
 H1PF4              0             0             0             0
 H1PF5              0             0             0             0             0
 H1WP13            51             0             0             0             0
 H1WP14             0            52             0             0             0
 H1PF23             0             0            53             0             0
 H1PF24             0             0             0            54             0
 H1PF25             0             0             0             0            55


           THETA
              H1WP13        H1WP14        H1PF23        H1PF24        H1PF25
              ________      ________      ________      ________      ________
 H1WP13             0
 H1WP14             0             0
 H1PF23             0             0             0
 H1PF24             0             0             0             0
 H1PF25             0             0             0             0             0


           ALPHA
              F2            F3
              ________      ________
      1           0             0


           BETA
              F2            F3
              ________      ________
 F2                 0             0
 F3                 0             0


           PSI
              F2            F3
              ________      ________
 F2                 0
 F3                56             0


     STARTING VALUES


           TAU
              H1WP9$1       H1WP9$2       H1WP9$3       H1WP9$4       H1WP10$1
              ________      ________      ________      ________      ________
      1        -2.548        -1.897        -1.219        -0.460        -2.829


           TAU
              H1WP10$2      H1WP10$3      H1WP10$4      H1PF1$1       H1PF1$2
              ________      ________      ________      ________      ________
      1        -2.339        -1.891        -1.260        -2.319        -1.775


           TAU
              H1PF1$3       H1PF1$4       H1PF4$1       H1PF4$2       H1PF4$3
              ________      ________      ________      ________      ________
      1        -1.288        -0.022        -1.950        -1.236        -0.800


           TAU
              H1PF4$4       H1PF5$1       H1PF5$2       H1PF5$3       H1PF5$4
              ________      ________      ________      ________      ________
      1         0.312        -2.128        -1.559        -1.171         0.015


           TAU
              H1WP13$1      H1WP13$2      H1WP13$3      H1WP13$4      H1WP14$1
              ________      ________      ________      ________      ________
      1        -2.049        -1.525        -0.824        -0.065        -2.609


           TAU
              H1WP14$2      H1WP14$3      H1WP14$4      H1PF23$1      H1PF23$2
              ________      ________      ________      ________      ________
      1        -2.057        -1.570        -0.924        -2.037        -1.489


           TAU
              H1PF23$3      H1PF23$4      H1PF24$1      H1PF24$2      H1PF24$3
              ________      ________      ________      ________      ________
      1        -0.906         0.267        -1.884        -1.104        -0.672


           TAU
              H1PF24$4      H1PF25$1      H1PF25$2      H1PF25$3      H1PF25$4
              ________      ________      ________      ________      ________
      1         0.436        -1.991        -1.316        -0.898         0.271


           NU
              H1WP9         H1WP10        H1PF1         H1PF4         H1PF5
              ________      ________      ________      ________      ________
      1         0.000         0.000         0.000         0.000         0.000


           NU
              H1WP13        H1WP14        H1PF23        H1PF24        H1PF25
              ________      ________      ________      ________      ________
      1         0.000         0.000         0.000         0.000         0.000


           LAMBDA
              F2            F3
              ________      ________
 H1WP9          1.000         0.000
 H1WP10         1.000         0.000
 H1PF1          1.000         0.000
 H1PF4          1.000         0.000
 H1PF5          1.000         0.000
 H1WP13         0.000         1.000
 H1WP14         0.000         1.000
 H1PF23         0.000         1.000
 H1PF24         0.000         1.000
 H1PF25         0.000         1.000


           THETA
              H1WP9         H1WP10        H1PF1         H1PF4         H1PF5
              ________      ________      ________      ________      ________
 H1WP9          1.000
 H1WP10         0.000         1.000
 H1PF1          0.000         0.000         1.000
 H1PF4          0.000         0.000         0.000         1.000
 H1PF5          0.000         0.000         0.000         0.000         1.000
 H1WP13         0.000         0.000         0.000         0.000         0.000
 H1WP14         0.000         0.000         0.000         0.000         0.000
 H1PF23         0.000         0.000         0.000         0.000         0.000
 H1PF24         0.000         0.000         0.000         0.000         0.000
 H1PF25         0.000         0.000         0.000         0.000         0.000


           THETA
              H1WP13        H1WP14        H1PF23        H1PF24        H1PF25
              ________      ________      ________      ________      ________
 H1WP13         1.000
 H1WP14         0.000         1.000
 H1PF23         0.000         0.000         1.000
 H1PF24         0.000         0.000         0.000         1.000
 H1PF25         0.000         0.000         0.000         0.000         1.000


           ALPHA
              F2            F3
              ________      ________
      1         0.000         0.000


           BETA
              F2            F3
              ________      ________
 F2             0.000         0.000
 F3             0.000         0.000


           PSI
              F2            F3
              ________      ________
 F2             1.000
 F3             0.000         1.000


SAMPLE STATISTICS FOR ESTIMATED FACTOR SCORES


     SAMPLE STATISTICS


           Means
              F2            F3
              ________      ________
 1             -0.062        -0.051


           Covariances
              F2            F3
              ________      ________
 F2             0.698
 F3             0.447         0.623


           Correlations
              F2            F3
              ________      ________
 F2             1.000
 F3             0.678         1.000


PLOT INFORMATION

The following plots are available:

  Histograms (sample values, estimated factor scores, estimated values, residuals)
  Scatterplots (sample values, estimated factor scores, estimated values, residuals)
  Sample proportions and estimated probabilities
  Item characteristic curves
  Information curves
  Latent variable distribution plots

SAVEDATA INFORMATION


  Save file
    withinfamrGE_factor_score_par_rel_child

  Order and format of variables

    H1WP9          F10.3
    H1WP10         F10.3
    H1PF1          F10.3
    H1PF4          F10.3
    H1PF5          F10.3
    H1WP13         F10.3
    H1WP14         F10.3
    H1PF23         F10.3
    H1PF24         F10.3
    H1PF25         F10.3
    AID            I9
    F2             F10.3
    F3             F10.3
    FAM            I9

  Save file format
    10F10.3 I9 2F10.3 I9

  Save file record length    10000


DIAGRAM INFORMATION

  Use View Diagram under the Diagram menu in the Mplus Editor to view the diagram.
  If running Mplus from the Mplus Diagrammer, the diagram opens automatically.

  Diagram output
    c:\repo\2024_within_fam_rge\analysis\factor_score_par_rel_child.dgm

     Beginning Time:  14:05:24
        Ending Time:  14:05:25
       Elapsed Time:  00:00:01



MUTHEN & MUTHEN
3463 Stoner Ave.
Los Angeles, CA  90066

Tel: (310) 391-9971
Fax: (310) 391-8971
Web: www.StatModel.com
Support: Support@StatModel.com

Copyright (c) 1998-2015 Muthen & Muthen
