Mplus VERSION 7.4
MUTHEN & MUTHEN
04/06/2025   2:06 PM

INPUT INSTRUCTIONS

  TITLE:
          Causal rGE on differential parenting;

  DATA:
          FILE IS "c:\Repo\data_local\withinfamrGE_addh_full_sample_for_fa.csv";

  VARIABLE:
          Names are AID FAM sex age_1 age_3
          white african native asian other hispanic
          income par_ed
          PC34A PC34B PC34C PC34D PC34E PC44A
          H1WP9 H1WP10 H1PF1 H1PF2 H1PF3 H1PF4 H1PF5
          H1WP13 H1WP14 H1PF23 H1PF24 H1PF25
          H1TO29 H1TO33 H1TO9 H1DS14
          H1ED19 H1ED20 H1ED22 H1ED23 H1ED24 H1PR2
          H1DS2 H1DS12 H1FV8 H1DS6 H1DS9
          H1DS10 H1DS13 H1DS11 H1FV7 H1DS7
          H3DS1 H3DS5 H3DS18I H3DS17 H3DS2
          H3DS3 H3DS6 H3DS4 H3DS18H H3HR23
          H1TO15 H1TO17 H1TO5 H1TO32 H1TO36 H1TO42
          H3TO38 H3TO40 H3TO7 H3TO110 H3TO113 H3TO119
          H3RA1 H3RA2 H3RA3 H3RA4 H3RA5 H3RA6 H3RA7 H3RA8
          H3RA9 H3RA10 H3RA11 H3RA12 H3RA13 H3RA14 H3RA15
          H3RA16 H3RA17
          par_age par_sex par_marry
          PA61 PA62 PB22
          PC10 PC11 PC12 PC17
          PC32
          H1WP1 H1WP2 H1WP3 H1WP4 H1WP5 H1WP6 H1WP7
          H1WP17F H1WP17G H1WP17H H1WP18F H1WP18G H1WP18H;


          usevariables are FAM
          !PC34A PC34B PC34C PC34D PC34E PC44A
          !H1WP9 H1WP10 H1PF1 H1PF2 H1PF3 H1PF4 H1PF5
          !H1WP13 H1WP14 H1PF23 H1PF24 H1PF25
          !H1TO29 H1TO33 H1TO9 H1DS14
          H1ED19 H1ED20 H1ED22 H1ED23 H1ED24 H1PR2

          !H1DS2 H1DS12 H1FV8 H1DS6 H1DS9
          !H1DS10 H1DS13 H1DS11 H1FV7 H1DS7
          !H3DS1 H3DS5 H3DS18I H3DS17 H3DS2
          !H3DS3 H3DS6 H3DS4 H3DS18H H3HR23
          !H1TO15 H1TO17 H1TO5 H1TO32 H1TO36 H1TO42
          !H3TO38 H3TO40 H3TO7 H3TO110 H3TO113 H3TO119
          !PA61 PA62 PB22
          !PC10 PC11 PC12 PC17
          !H1WP1 H1WP2 H1WP3 H1WP4 H1WP5 H1WP6 H1WP7
          !H1WP17F H1WP17G H1WP17H H1WP18F H1WP18G H1WP18H
          ;

          IDVARIABLE = AID;

          CATEGORICAL ARE
          !PC34A PC34B PC34C PC34D PC34E PC44A
          !H1WP9 H1WP10 H1PF1 H1PF2 H1PF3 H1PF4 H1PF5
          !H1WP13 H1WP14 H1PF23 H1PF24 H1PF25
          !H1TO29 H1TO33 H1TO9 H1DS14
          H1ED19 H1ED20 H1ED22 H1ED23 H1ED24 H1PR2

          !H1DS2 H1DS12 H1FV8 H1DS6 H1DS9
          !H1DS10 H1DS13 H1DS11 H1FV7 H1DS7
          !H3DS1 H3DS5 H3DS18I H3DS17 H3DS2
          !H3DS3 H3DS6 H3DS4 H3DS18H H3HR23
          !PC10 PC11 PC12 PC17
          !H1WP1 H1WP2 H1WP3 H1WP4 H1WP5 H1WP6 H1WP7
          !H1WP17F H1WP17G H1WP17H H1WP18F H1WP18G H1WP18H
          ;

          !CENSORED ARE
          !H1TO15 (bi) H1TO17 (bi) H1TO5 (bi) H1TO32 (bi)
          !H1TO36 (bi) H1TO42 (bi) H3TO38 (bi) H3TO40 (bi)
          !H3TO7 (bi) H3TO110 (bi) H3TO113 (bi) H3TO119 (bi)
          !PA61 (bi) PA62 (bi) PB22 (bi)
          !;

          CLUSTER IS FAM;

          Missing are .;

  DEFINE:


  ANALYSIS:

          TYPE = COMPLEX;
          !ESTIMATOR = BAYES;
          ESTIMATOR=WLSMV;
          !BOOTSTRAP = 20000;
          !FBITERATIONS= 20000;
  MODEL:

          !f1 BY PC34A* PC34B PC34C PC34D PC34E PC44A;
          !f2 BY H1WP9* H1WP10 H1PF1 H1PF2 H1PF3 H1PF4 H1PF5;
          !f3 BY H1WP13* H1WP14 H1PF23 H1PF24 H1PF25;
          !f4 BY H1TO29* H1TO33 H1TO9 H1DS14;
          f5 BY H1ED19* H1ED20 H1ED22 H1ED23 H1ED24 H1PR2;

          !f6 BY H1DS2* H1DS12 H1FV8 H1DS6 H1DS9
          !H1DS10 H1DS13 H1DS11 H1FV7 H1DS7;
          !f7 BY H3DS1* H3DS5 H3DS18I H3DS17 H3DS2
          !H3DS3 H3DS6 H3DS4 H3DS18H H3HR23;
          !f8 BY H1TO15* H1TO17 H1TO5 H1TO32 H1TO36 H1TO42;
          !f9 BY H3TO38* H3TO40 H3TO7 H3TO110 H3TO113 H3TO119;
          !f10 BY PA61* PA62 PB22;
          !f11 BY PC10* PC11 PC12 PC17;
          !f12 BY H1WP1* H1WP2 H1WP3 H1WP4 H1WP5 H1WP6 H1WP7;
          !f13 BY H1WP17F* H1WP17G H1WP17H H1WP18F H1WP18G H1WP18H;

          [f5@0];
          f5@1;
          H1ED20   WITH H1ED19;
          H1PR2    WITH H1ED23;


  MODEL CONSTRAINT:

  OUTPUT: TECH1 TECH8 MODINDICES(ALL);
  PLOT: TYPE = PLOT3;

  SAVEDATA:
  FILE IS withinfamrGE_factor_score_sch_con;

  SAVE = FSCORES;



*** WARNING in OUTPUT command
  TECH8 option is available only with analysis types MIXTURE, RANDOM, or
  TWOLEVEL with estimators ML, MLF, or MLR or ALGORITHM=INTEGRATION.
  Request for TECH8 is ignored.
*** WARNING
  Data set contains cases with missing on all variables.
  These cases were not included in the analysis.
  Number of cases with missing on all variables:  32
   2 WARNING(S) FOUND IN THE INPUT INSTRUCTIONS




Causal rGE on differential parenting;

SUMMARY OF ANALYSIS

Number of groups                                                 1
Number of observations                                        9942

Number of dependent variables                                    6
Number of independent variables                                  0
Number of continuous latent variables                            1

Observed dependent variables

  Binary and ordered categorical (ordinal)
   H1ED19      H1ED20      H1ED22      H1ED23      H1ED24      H1PR2

Continuous latent variables
   F5

Variables with special functions

  Cluster variable      FAM
  ID variable           AID

Estimator                                                    WLSMV
Maximum number of iterations                                  1000
Convergence criterion                                    0.500D-04
Maximum number of steepest descent iterations                   20
Maximum number of iterations for H1                           2000
Convergence criterion for H1                             0.100D-03
Parameterization                                             DELTA

Input data file(s)
  c:\Repo\data_local\withinfamrGE_addh_full_sample_for_fa.csv

Input data format  FREE


SUMMARY OF DATA

     Number of missing data patterns             7
     Number of clusters        8910



COVARIANCE COVERAGE OF DATA

Minimum covariance coverage value   0.100


     PROPORTION OF DATA PRESENT


           Covariance Coverage
              H1ED19        H1ED20        H1ED22        H1ED23        H1ED24
              ________      ________      ________      ________      ________
 H1ED19         0.984
 H1ED20         0.984         0.984
 H1ED22         0.983         0.984         0.984
 H1ED23         0.984         0.984         0.984         0.984
 H1ED24         0.984         0.984         0.984         0.984         0.984
 H1PR2          0.977         0.977         0.977         0.977         0.977


           Covariance Coverage
              H1PR2
              ________
 H1PR2          0.993


UNIVARIATE PROPORTIONS AND COUNTS FOR CATEGORICAL VARIABLES

    H1ED19
      Category 1    0.035          343.000
      Category 2    0.099          972.000
      Category 3    0.198         1940.000
      Category 4    0.464         4542.000
      Category 5    0.203         1982.000
    H1ED20
      Category 1    0.034          335.000
      Category 2    0.093          905.000
      Category 3    0.144         1407.000
      Category 4    0.466         4559.000
      Category 5    0.263         2576.000
    H1ED22
      Category 1    0.056          551.000
      Category 2    0.107         1043.000
      Category 3    0.177         1731.000
      Category 4    0.405         3963.000
      Category 5    0.255         2493.000
    H1ED23
      Category 1    0.044          430.000
      Category 2    0.159         1559.000
      Category 3    0.222         2171.000
      Category 4    0.413         4040.000
      Category 5    0.162         1582.000
    H1ED24
      Category 1    0.036          351.000
      Category 2    0.105         1032.000
      Category 3    0.178         1745.000
      Category 4    0.440         4307.000
      Category 5    0.240         2347.000
    H1PR2
      Category 1    0.033          324.000
      Category 2    0.096          945.000
      Category 3    0.349         3444.000
      Category 4    0.347         3426.000
      Category 5    0.176         1735.000



THE MODEL ESTIMATION TERMINATED NORMALLY

     THE MODEL CONTAINS A NON-ZERO CORRELATION BETWEEN DEPENDENT VARIABLES.
     SUCH CORRELATIONS ARE IGNORED IN THE COMPUTATION OF THE FACTOR SCORES.



MODEL FIT INFORMATION

Number of Free Parameters                       32

Chi-Square Test of Model Fit

          Value                            517.368*
          Degrees of Freedom                     7
          P-Value                           0.0000

*   The chi-square value for MLM, MLMV, MLR, ULSMV, WLSM and WLSMV cannot be used
    for chi-square difference testing in the regular way.  MLM, MLR and WLSM
    chi-square difference testing is described on the Mplus website.  MLMV, WLSMV,
    and ULSMV difference testing is done using the DIFFTEST option.

RMSEA (Root Mean Square Error Of Approximation)

          Estimate                           0.086
          90 Percent C.I.                    0.079  0.092
          Probability RMSEA <= .05           0.000

CFI/TLI

          CFI                                0.984
          TLI                                0.966

Chi-Square Test of Model Fit for the Baseline Model

          Value                          31844.166
          Degrees of Freedom                    15
          P-Value                           0.0000

WRMR (Weighted Root Mean Square Residual)

          Value                              2.576



MODEL RESULTS

                                                    Two-Tailed
                    Estimate       S.E.  Est./S.E.    P-Value

 F5       BY
    H1ED19             0.621      0.008     74.172      0.000
    H1ED20             0.730      0.007    101.589      0.000
    H1ED22             0.812      0.007    118.544      0.000
    H1ED23             0.534      0.009     61.988      0.000
    H1ED24             0.589      0.008     71.185      0.000
    H1PR2              0.461      0.010     47.275      0.000

 H1ED20   WITH
    H1ED19             0.207      0.008     25.225      0.000

 H1PR2    WITH
    H1ED23             0.168      0.009     19.479      0.000

 Means
    F5                 0.000      0.000    999.000    999.000

 Thresholds
    H1ED19$1          -1.811      0.024    -74.898      0.000
    H1ED19$2          -1.105      0.016    -68.484      0.000
    H1ED19$3          -0.432      0.013    -32.578      0.000
    H1ED19$4           0.832      0.015     57.329      0.000
    H1ED20$1          -1.822      0.025    -74.117      0.000
    H1ED20$2          -1.142      0.016    -69.614      0.000
    H1ED20$3          -0.611      0.014    -44.542      0.000
    H1ED20$4           0.633      0.014     45.866      0.000
    H1ED22$1          -1.586      0.021    -76.134      0.000
    H1ED22$2          -0.982      0.015    -63.585      0.000
    H1ED22$3          -0.413      0.013    -31.023      0.000
    H1ED22$4           0.659      0.014     47.383      0.000
    H1ED23$1          -1.706      0.022    -76.128      0.000
    H1ED23$2          -0.830      0.015    -57.024      0.000
    H1ED23$3          -0.188      0.013    -14.591      0.000
    H1ED23$4           0.987      0.015     64.477      0.000
    H1ED24$1          -1.801      0.024    -75.145      0.000
    H1ED24$2          -1.074      0.016    -67.289      0.000
    H1ED24$3          -0.468      0.013    -34.981      0.000
    H1ED24$4           0.707      0.014     50.396      0.000
    H1PR2$1           -1.841      0.025    -74.011      0.000
    H1PR2$2           -1.133      0.016    -69.359      0.000
    H1PR2$3           -0.057      0.013     -4.430      0.000
    H1PR2$4            0.932      0.015     62.072      0.000

 Variances
    F5                 1.000      0.000    999.000    999.000


R-SQUARE

    Observed                   Residual
    Variable        Estimate   Variance

    H1ED19             0.385      0.615
    H1ED20             0.532      0.468
    H1ED22             0.660      0.340
    H1ED23             0.285      0.715
    H1ED24             0.347      0.653
    H1PR2              0.212      0.788


QUALITY OF NUMERICAL RESULTS

     Condition Number for the Information Matrix              0.213E-01
       (ratio of smallest to largest eigenvalue)


MODEL MODIFICATION INDICES

Minimum M.I. value for printing the modification index    10.000

                                   M.I.     E.P.C.  Std E.P.C.  StdYX E.P.C.

ON Statements

H1ED19   ON H1ED22                80.753     0.085      0.085        0.085
H1ED19   ON H1ED23                72.184    -0.072     -0.072       -0.072
H1ED19   ON H1ED24                12.880    -0.029     -0.029       -0.029
H1ED20   ON H1ED22                61.720     0.080      0.080        0.080
H1ED20   ON H1ED23                76.814    -0.078     -0.078       -0.078
H1ED20   ON H1ED24                17.163    -0.035     -0.035       -0.035
H1ED22   ON H1ED19               136.975     0.124      0.124        0.124
H1ED22   ON H1ED20               123.670     0.128      0.128        0.128
H1ED22   ON H1ED23                14.678    -0.036     -0.036       -0.036
H1ED22   ON H1ED24               123.320    -0.104     -0.104       -0.104
H1ED22   ON H1PR2                 44.799    -0.065     -0.065       -0.065
H1ED23   ON H1ED19               117.569    -0.096     -0.096       -0.096
H1ED23   ON H1ED20               138.690    -0.109     -0.109       -0.109
H1ED23   ON H1ED24               422.641     0.151      0.151        0.151
H1ED24   ON H1ED19                22.304    -0.041     -0.041       -0.041
H1ED24   ON H1ED20                27.796    -0.048     -0.048       -0.048
H1ED24   ON H1ED22               123.349    -0.104     -0.104       -0.104
H1ED24   ON H1ED23               443.756     0.157      0.157        0.157
H1ED24   ON H1PR2                 31.158     0.046      0.046        0.046
H1PR2    ON H1ED20                21.512     0.042      0.042        0.042
H1PR2    ON H1ED22                35.431    -0.055     -0.055       -0.055

WITH Statements

H1ED22   WITH H1ED19              80.790     0.085      0.085        0.187
H1ED22   WITH H1ED20              61.669     0.080      0.080        0.200
H1ED23   WITH H1ED19              70.942    -0.070     -0.070       -0.106
H1ED23   WITH H1ED20              86.351    -0.081     -0.081       -0.140
H1ED24   WITH H1ED19              12.871    -0.029     -0.029       -0.047
H1ED24   WITH H1ED20              17.179    -0.035     -0.035       -0.064
H1ED24   WITH H1ED22             123.284    -0.104     -0.104       -0.221
H1ED24   WITH H1ED23             422.538     0.151      0.151        0.222
H1PR2    WITH H1ED20              18.305     0.037      0.037        0.061
H1PR2    WITH H1ED22              35.410    -0.055     -0.055       -0.107


TECHNICAL 1 OUTPUT


     PARAMETER SPECIFICATION


           TAU
              H1ED19$1      H1ED19$2      H1ED19$3      H1ED19$4      H1ED20$1
              ________      ________      ________      ________      ________
      1           1             2             3             4             5


           TAU
              H1ED20$2      H1ED20$3      H1ED20$4      H1ED22$1      H1ED22$2
              ________      ________      ________      ________      ________
      1           6             7             8             9            10


           TAU
              H1ED22$3      H1ED22$4      H1ED23$1      H1ED23$2      H1ED23$3
              ________      ________      ________      ________      ________
      1          11            12            13            14            15


           TAU
              H1ED23$4      H1ED24$1      H1ED24$2      H1ED24$3      H1ED24$4
              ________      ________      ________      ________      ________
      1          16            17            18            19            20


           TAU
              H1PR2$1       H1PR2$2       H1PR2$3       H1PR2$4
              ________      ________      ________      ________
      1          21            22            23            24


           NU
              H1ED19        H1ED20        H1ED22        H1ED23        H1ED24
              ________      ________      ________      ________      ________
      1           0             0             0             0             0


           NU
              H1PR2
              ________
      1           0


           LAMBDA
              F5            H1ED19        H1ED20        H1ED22        H1ED23
              ________      ________      ________      ________      ________
 H1ED19             0             0             0             0             0
 H1ED20             0             0             0             0             0
 H1ED22             0             0             0             0             0
 H1ED23             0             0             0             0             0
 H1ED24             0             0             0             0             0
 H1PR2              0             0             0             0             0


           LAMBDA
              H1ED24        H1PR2
              ________      ________
 H1ED19             0             0
 H1ED20             0             0
 H1ED22             0             0
 H1ED23             0             0
 H1ED24             0             0
 H1PR2              0             0


           ALPHA
              F5            H1ED19        H1ED20        H1ED22        H1ED23
              ________      ________      ________      ________      ________
      1           0             0             0             0             0


           ALPHA
              H1ED24        H1PR2
              ________      ________
      1           0             0


           BETA
              F5            H1ED19        H1ED20        H1ED22        H1ED23
              ________      ________      ________      ________      ________
 F5                 0             0             0             0             0
 H1ED19            25             0             0             0             0
 H1ED20            26             0             0             0             0
 H1ED22            27             0             0             0             0
 H1ED23            28             0             0             0             0
 H1ED24            29             0             0             0             0
 H1PR2             30             0             0             0             0


           BETA
              H1ED24        H1PR2
              ________      ________
 F5                 0             0
 H1ED19             0             0
 H1ED20             0             0
 H1ED22             0             0
 H1ED23             0             0
 H1ED24             0             0
 H1PR2              0             0


           PSI
              F5            H1ED19        H1ED20        H1ED22        H1ED23
              ________      ________      ________      ________      ________
 F5                 0
 H1ED19             0             0
 H1ED20             0            31             0
 H1ED22             0             0             0             0
 H1ED23             0             0             0             0             0
 H1ED24             0             0             0             0             0
 H1PR2              0             0             0             0            32


           PSI
              H1ED24        H1PR2
              ________      ________
 H1ED24             0
 H1PR2              0             0


     STARTING VALUES


           TAU
              H1ED19$1      H1ED19$2      H1ED19$3      H1ED19$4      H1ED20$1
              ________      ________      ________      ________      ________
      1        -1.811        -1.105        -0.432         0.832        -1.822


           TAU
              H1ED20$2      H1ED20$3      H1ED20$4      H1ED22$1      H1ED22$2
              ________      ________      ________      ________      ________
      1        -1.142        -0.611         0.633        -1.586        -0.982


           TAU
              H1ED22$3      H1ED22$4      H1ED23$1      H1ED23$2      H1ED23$3
              ________      ________      ________      ________      ________
      1        -0.413         0.659        -1.706        -0.830        -0.188


           TAU
              H1ED23$4      H1ED24$1      H1ED24$2      H1ED24$3      H1ED24$4
              ________      ________      ________      ________      ________
      1         0.987        -1.801        -1.074        -0.468         0.707


           TAU
              H1PR2$1       H1PR2$2       H1PR2$3       H1PR2$4
              ________      ________      ________      ________
      1        -1.841        -1.133        -0.057         0.932


           NU
              H1ED19        H1ED20        H1ED22        H1ED23        H1ED24
              ________      ________      ________      ________      ________
      1         0.000         0.000         0.000         0.000         0.000


           NU
              H1PR2
              ________
      1         0.000


           LAMBDA
              F5            H1ED19        H1ED20        H1ED22        H1ED23
              ________      ________      ________      ________      ________
 H1ED19         0.000         1.000         0.000         0.000         0.000
 H1ED20         0.000         0.000         1.000         0.000         0.000
 H1ED22         0.000         0.000         0.000         1.000         0.000
 H1ED23         0.000         0.000         0.000         0.000         1.000
 H1ED24         0.000         0.000         0.000         0.000         0.000
 H1PR2          0.000         0.000         0.000         0.000         0.000


           LAMBDA
              H1ED24        H1PR2
              ________      ________
 H1ED19         0.000         0.000
 H1ED20         0.000         0.000
 H1ED22         0.000         0.000
 H1ED23         0.000         0.000
 H1ED24         1.000         0.000
 H1PR2          0.000         1.000


           ALPHA
              F5            H1ED19        H1ED20        H1ED22        H1ED23
              ________      ________      ________      ________      ________
      1         0.000         0.000         0.000         0.000         0.000


           ALPHA
              H1ED24        H1PR2
              ________      ________
      1         0.000         0.000


           BETA
              F5            H1ED19        H1ED20        H1ED22        H1ED23
              ________      ________      ________      ________      ________
 F5             0.000         0.000         0.000         0.000         0.000
 H1ED19         1.000         0.000         0.000         0.000         0.000
 H1ED20         1.000         0.000         0.000         0.000         0.000
 H1ED22         1.000         0.000         0.000         0.000         0.000
 H1ED23         1.000         0.000         0.000         0.000         0.000
 H1ED24         1.000         0.000         0.000         0.000         0.000
 H1PR2          1.000         0.000         0.000         0.000         0.000


           BETA
              H1ED24        H1PR2
              ________      ________
 F5             0.000         0.000
 H1ED19         0.000         0.000
 H1ED20         0.000         0.000
 H1ED22         0.000         0.000
 H1ED23         0.000         0.000
 H1ED24         0.000         0.000
 H1PR2          0.000         0.000


           PSI
              F5            H1ED19        H1ED20        H1ED22        H1ED23
              ________      ________      ________      ________      ________
 F5             1.000
 H1ED19         0.000         1.000
 H1ED20         0.000         0.000         1.000
 H1ED22         0.000         0.000         0.000         1.000
 H1ED23         0.000         0.000         0.000         0.000         1.000
 H1ED24         0.000         0.000         0.000         0.000         0.000
 H1PR2          0.000         0.000         0.000         0.000         0.000


           PSI
              H1ED24        H1PR2
              ________      ________
 H1ED24         1.000
 H1PR2          0.000         1.000


SAMPLE STATISTICS FOR ESTIMATED FACTOR SCORES


     SAMPLE STATISTICS


           Means
              F5
              ________
 1             -0.005


           Covariances
              F5
              ________
 F5             0.793


           Correlations
              F5
              ________
 F5             1.000


PLOT INFORMATION

The following plots are available:

  Histograms (sample values, estimated factor scores, estimated values, residuals)
  Scatterplots (sample values, estimated factor scores, estimated values, residuals)
  Sample proportions and estimated probabilities
  Item characteristic curves
  Information curves
  Latent variable distribution plots

SAVEDATA INFORMATION


  Save file
    withinfamrGE_factor_score_sch_con

  Order and format of variables

    H1ED19         F10.3
    H1ED20         F10.3
    H1ED22         F10.3
    H1ED23         F10.3
    H1ED24         F10.3
    H1PR2          F10.3
    AID            I9
    F5             F10.3
    FAM            I9

  Save file format
    6F10.3 I9 F10.3 I9

  Save file record length    10000


DIAGRAM INFORMATION

  Use View Diagram under the Diagram menu in the Mplus Editor to view the diagram.
  If running Mplus from the Mplus Diagrammer, the diagram opens automatically.

  Diagram output
    c:\repo\2024_within_fam_rge\analysis\factor_score_sch_con.dgm

     Beginning Time:  14:06:12
        Ending Time:  14:06:13
       Elapsed Time:  00:00:01



MUTHEN & MUTHEN
3463 Stoner Ave.
Los Angeles, CA  90066

Tel: (310) 391-9971
Fax: (310) 391-8971
Web: www.StatModel.com
Support: Support@StatModel.com

Copyright (c) 1998-2015 Muthen & Muthen
